Using pre-set license
Built from '2020.3/staging' branch; Version is '2020.3.9f1 (108be757e447) revision 1084391'; Using compiler version '192528614'; Build Type 'Release'
OS: 'Windows 10 Home; OS build 19042.1165; Version 2009; 64bit' Language: 'en' Physical Memory: 16321 MB
BatchMode: 1, IsHumanControllingUs: 0, StartBugReporterOnCrash: 0, Is64bit: 1, IsPro: 0

 COMMAND LINE ARGUMENTS:
C:\Program Files\Unity\Hub\Editor\2020.3.9f1\Editor\Unity.exe
-adb2
-batchMode
-noUpm
-name
AssetImportWorker0
-projectPath
D:/Unity/Majors/Majors/Mr Crossy
-logFile
Logs/AssetImportWorker0.log
-srvPort
55492
Successfully changed project path to: D:/Unity/Majors/Majors/Mr Crossy
D:/Unity/Majors/Majors/Mr Crossy
Using Asset Import Pipeline V2.
Refreshing native plugins compatible for Editor in 91.46 ms, found 2 plugins.
Preloading 0 native plugins for Editor in 0.00 ms.
Initialize engine version: 2020.3.9f1 (108be757e447)
[Subsystems] Discovering subsystems at path C:/Program Files/Unity/Hub/Editor/2020.3.9f1/Editor/Data/Resources/UnitySubsystems
[Subsystems] Discovering subsystems at path D:/Unity/Majors/Majors/Mr Crossy/Assets
GfxDevice: creating device client; threaded=0
Direct3D:
    Version:  Direct3D 11.0 [level 11.1]
    Renderer: NVIDIA GeForce RTX 2080 (ID=0x1e82)
    Vendor:   
    VRAM:     8010 MB
    Driver:   30.0.14.7141
Shader 'Universal Render Pipeline/Particles/Lit': fallback shader 'Universal Render Pipeline/Particles/SimpleLit' not found
Shader 'Lux URP/Particles/Simple Lit': fallback shader 'Lightweight Render Pipeline/Particles/Unlit' not found
Initialize mono
Mono path[0] = 'C:/Program Files/Unity/Hub/Editor/2020.3.9f1/Editor/Data/Managed'
Mono path[1] = 'C:/Program Files/Unity/Hub/Editor/2020.3.9f1/Editor/Data/MonoBleedingEdge/lib/mono/unityjit'
Mono config path = 'C:/Program Files/Unity/Hub/Editor/2020.3.9f1/Editor/Data/MonoBleedingEdge/etc'
Using monoOptions --debugger-agent=transport=dt_socket,embedding=1,server=y,suspend=n,address=127.0.0.1:56936
Begin MonoManager ReloadAssembly
Registering precompiled unity dll's ...
Register platform support module: C:/Program Files/Unity/Hub/Editor/2020.3.9f1/Editor/Data/PlaybackEngines/WindowsStandaloneSupport/UnityEditor.WindowsStandalone.Extensions.dll
Registered in 0.001583 seconds.
Native extension for WindowsStandalone target not found
Refreshing native plugins compatible for Editor in 80.99 ms, found 2 plugins.
Preloading 0 native plugins for Editor in 0.00 ms.
Mono: successfully reloaded assembly
- Completed reload, in  1.633 seconds
Platform modules already initialized, skipping
Registering precompiled user dll's ...
Registered in 0.003904 seconds.
Begin MonoManager ReloadAssembly
Native extension for WindowsStandalone target not found
Refreshing native plugins compatible for Editor in 89.08 ms, found 2 plugins.
Preloading 0 native plugins for Editor in 0.00 ms.
RefreshInfo: StopAssetImportingV2(NoUpdateAssetOptions) scanfilter: 
RefreshProfiler: Total: 0.000ms
RefreshInfo: StopAssetImportingV2(NoUpdateAssetOptions) scanfilter: 
RefreshProfiler: Total: 0.000ms
Mono: successfully reloaded assembly
- Completed reload, in  0.883 seconds
Platform modules already initialized, skipping
========================================================================
Worker process is ready to serve import requests
Shader 'Universal Render Pipeline/Particles/Lit': fallback shader 'Universal Render Pipeline/Particles/SimpleLit' not found
Shader 'Lux URP/Particles/Simple Lit': fallback shader 'Lightweight Render Pipeline/Particles/Unlit' not found
Shader 'Lux URP/Particles/Simple Lit': fallback shader 'Lightweight Render Pipeline/Particles/Unlit' not found
Launched and connected shader compiler UnityShaderCompiler.exe after 0.03 seconds
Refreshing native plugins compatible for Editor in 1.30 ms, found 2 plugins.
Preloading 0 native plugins for Editor in 0.00 ms.
Unloading 51 Unused Serialized files (Serialized files now loaded: 0)
System memory in use before: 216.8 MB.
System memory in use after: 216.6 MB.

Unloading 69 unused Assets to reduce memory usage. Loaded Objects now: 3737.
Total: 2.835100 ms (FindLiveObjects: 0.472800 ms CreateObjectMapping: 0.250300 ms MarkObjects: 1.743300 ms  DeleteObjects: 0.366900 ms)

========================================================================
Received Import Request.
  path: Assets/Resources/ELargin/Celtic_Pagan_Idols
  artifactKey: Guid(11e7e78cf71cfd9f4bf65c85630d3912) Importer(815301076,1909f56bfc062723c751e8b465ee728b)
Start importing Assets/Resources/ELargin/Celtic_Pagan_Idols using Guid(11e7e78cf71cfd9f4bf65c85630d3912) Importer(815301076,1909f56bfc062723c751e8b465ee728b)  -> (artifact id: '5baa9dde9d7f7f20b7e65ed08284af7f') in 0.007344 seconds
  Import took 0.012050 seconds .

========================================================================
Received Import Request.
  Time since last request: 133.272547 seconds.
  path: Assets/Resources/ELargin/Celtic_Pagan_Idols/Textures
  artifactKey: Guid(a2233511e4deaee78a9800e4652f394b) Importer(815301076,1909f56bfc062723c751e8b465ee728b)
Start importing Assets/Resources/ELargin/Celtic_Pagan_Idols/Textures using Guid(a2233511e4deaee78a9800e4652f394b) Importer(815301076,1909f56bfc062723c751e8b465ee728b)  -> (artifact id: 'f750152737380b2ce46fdb2241bf446e') in 0.004819 seconds
  Import took 0.009104 seconds .

========================================================================
Received Import Request.
  Time since last request: 0.034940 seconds.
  path: Assets/Resources/ELargin/Celtic_Pagan_Idols/Textures/T_celtic_idol_01_AlbedoTransparency.png
  artifactKey: Guid(4dc7369200e7983f2b589eeeb268c0c8) Importer(815301076,1909f56bfc062723c751e8b465ee728b)
Start importing Assets/Resources/ELargin/Celtic_Pagan_Idols/Textures/T_celtic_idol_01_AlbedoTransparency.png using Guid(4dc7369200e7983f2b589eeeb268c0c8) Importer(815301076,1909f56bfc062723c751e8b465ee728b)  -> (artifact id: 'efd680d0b2bda2fefddd2682a6df852a') in 0.122026 seconds
  Import took 0.125860 seconds .

========================================================================
Received Import Request.
  Time since last request: 0.000171 seconds.
  path: Assets/Resources/ELargin/Celtic_Pagan_Idols/Textures/T_celtic_idol_02_AlbedoTransparency.png
  artifactKey: Guid(5294aa76254cacfe6811e3fd6cc65379) Importer(815301076,1909f56bfc062723c751e8b465ee728b)
Start importing Assets/Resources/ELargin/Celtic_Pagan_Idols/Textures/T_celtic_idol_02_AlbedoTransparency.png using Guid(5294aa76254cacfe6811e3fd6cc65379) Importer(815301076,1909f56bfc062723c751e8b465ee728b)  -> (artifact id: '767ed43806778b01136be3af137ac63b') in 0.084040 seconds
  Import took 0.087641 seconds .

========================================================================
Received Import Request.
  Time since last request: 0.000188 seconds.
  path: Assets/Resources/ELargin/Celtic_Pagan_Idols/Textures/T_celtic_idol_10_Normal_OGl.png
  artifactKey: Guid(d8c3d5f22c7d1a73fb5ae3b377b7b102) Importer(815301076,1909f56bfc062723c751e8b465ee728b)
Start importing Assets/Resources/ELargin/Celtic_Pagan_Idols/Textures/T_celtic_idol_10_Normal_OGl.png using Guid(d8c3d5f22c7d1a73fb5ae3b377b7b102) Importer(815301076,1909f56bfc062723c751e8b465ee728b)  -> (artifact id: '86ad42f7963d1590ae259749712c2549') in 0.092244 seconds
  Import took 0.096117 seconds .

========================================================================
Received Import Request.
  Time since last request: 0.000200 seconds.
  path: Assets/Resources/ELargin/Celtic_Pagan_Idols/Textures/T_celtic_idol_11_Normal_Dx.png
  artifactKey: Guid(fb12df36aed36bd729a41afe2e678411) Importer(815301076,1909f56bfc062723c751e8b465ee728b)
Start importing Assets/Resources/ELargin/Celtic_Pagan_Idols/Textures/T_celtic_idol_11_Normal_Dx.png using Guid(fb12df36aed36bd729a41afe2e678411) Importer(815301076,1909f56bfc062723c751e8b465ee728b)  -> (artifact id: 'cf67df455bb3e1155e451851ede9c065') in 0.226490 seconds
  Import took 0.230137 seconds .

========================================================================
Received Import Request.
  Time since last request: 0.000170 seconds.
  path: Assets/Resources/ELargin/Celtic_Pagan_Idols/Textures/T_celtic_idol_06_MetallicSmoothness.png
  artifactKey: Guid(11e1841d8c66c47bf8de9ee5c8b7a856) Importer(815301076,1909f56bfc062723c751e8b465ee728b)
Start importing Assets/Resources/ELargin/Celtic_Pagan_Idols/Textures/T_celtic_idol_06_MetallicSmoothness.png using Guid(11e1841d8c66c47bf8de9ee5c8b7a856) Importer(815301076,1909f56bfc062723c751e8b465ee728b)  -> (artifact id: 'd0e4e94127f87d46255bb501cf4ba363') in 0.097787 seconds
  Import took 0.101625 seconds .

========================================================================
Received Import Request.
  Time since last request: 0.000213 seconds.
  path: Assets/Resources/ELargin/Celtic_Pagan_Idols/Textures/T_celtic_idol_11_MetallicSmoothness.png
  artifactKey: Guid(40dcb167f6d3ebfe3b568a1d236a62bc) Importer(815301076,1909f56bfc062723c751e8b465ee728b)
Start importing Assets/Resources/ELargin/Celtic_Pagan_Idols/Textures/T_celtic_idol_11_MetallicSmoothness.png using Guid(40dcb167f6d3ebfe3b568a1d236a62bc) Importer(815301076,1909f56bfc062723c751e8b465ee728b)  -> (artifact id: '2b374d5151773799f6452a614d102312') in 0.093720 seconds
  Import took 0.097238 seconds .

========================================================================
Received Import Request.
  Time since last request: 0.000206 seconds.
  path: Assets/Resources/ELargin/Celtic_Pagan_Idols/Textures/T_celtic_idol_03_MetallicSmoothness.png
  artifactKey: Guid(ec56acc1f77a0384a871c119391b82fe) Importer(815301076,1909f56bfc062723c751e8b465ee728b)
Start importing Assets/Resources/ELargin/Celtic_Pagan_Idols/Textures/T_celtic_idol_03_MetallicSmoothness.png using Guid(ec56acc1f77a0384a871c119391b82fe) Importer(815301076,1909f56bfc062723c751e8b465ee728b)  -> (artifact id: 'e20bc6c99df49939097e8fe990f88618') in 0.101946 seconds
  Import took 0.105660 seconds .

========================================================================
Received Import Request.
  Time since last request: 0.000241 seconds.
  path: Assets/Resources/ELargin/Celtic_Pagan_Idols/Textures/T_celtic_idol_04_AlbedoTransparency.png
  artifactKey: Guid(c1ca6641ea8ea7892919aa8c61d136fb) Importer(815301076,1909f56bfc062723c751e8b465ee728b)
Start importing Assets/Resources/ELargin/Celtic_Pagan_Idols/Textures/T_celtic_idol_04_AlbedoTransparency.png using Guid(c1ca6641ea8ea7892919aa8c61d136fb) Importer(815301076,1909f56bfc062723c751e8b465ee728b)  -> (artifact id: '7288135cc91efc5e73ff14ca02c9f1b7') in 0.061765 seconds
  Import took 0.065942 seconds .

========================================================================
Received Import Request.
  Time since last request: 0.000175 seconds.
  path: Assets/Resources/ELargin/Celtic_Pagan_Idols/Textures/T_celtic_idol_08_Normal_Dx.png
  artifactKey: Guid(ba9056536ca1e0e54b33ec803f38527c) Importer(815301076,1909f56bfc062723c751e8b465ee728b)
Start importing Assets/Resources/ELargin/Celtic_Pagan_Idols/Textures/T_celtic_idol_08_Normal_Dx.png using Guid(ba9056536ca1e0e54b33ec803f38527c) Importer(815301076,1909f56bfc062723c751e8b465ee728b)  -> (artifact id: '72ea8e3c0bd9160180449b35ea29f7cf') in 0.082512 seconds
  Import took 0.086748 seconds .

========================================================================
Received Import Request.
  Time since last request: 0.000141 seconds.
  path: Assets/Resources/ELargin/Celtic_Pagan_Idols/Textures/T_celtic_idol_06_AlbedoTransparency.png
  artifactKey: Guid(a06e49df0f0856a4fb92100ebdd16bb8) Importer(815301076,1909f56bfc062723c751e8b465ee728b)
Start importing Assets/Resources/ELargin/Celtic_Pagan_Idols/Textures/T_celtic_idol_06_AlbedoTransparency.png using Guid(a06e49df0f0856a4fb92100ebdd16bb8) Importer(815301076,1909f56bfc062723c751e8b465ee728b)  -> (artifact id: 'aa4c2634252ffaaf5b83a4ffd38b6049') in 0.105912 seconds
  Import took 0.109754 seconds .

========================================================================
Received Import Request.
  Time since last request: 0.000224 seconds.
  path: Assets/Resources/ELargin/Celtic_Pagan_Idols/Textures/T_celtic_idol_06_Normal_Dx.png
  artifactKey: Guid(ab953a4f0cb1d002b990f913fb24ff70) Importer(815301076,1909f56bfc062723c751e8b465ee728b)
Start importing Assets/Resources/ELargin/Celtic_Pagan_Idols/Textures/T_celtic_idol_06_Normal_Dx.png using Guid(ab953a4f0cb1d002b990f913fb24ff70) Importer(815301076,1909f56bfc062723c751e8b465ee728b)  -> (artifact id: 'de78793d7b13393850891028e4d053c6') in 0.115147 seconds
  Import took 0.118662 seconds .

========================================================================
Received Import Request.
  Time since last request: 0.000223 seconds.
  path: Assets/Resources/ELargin/Celtic_Pagan_Idols/Textures/T_celtic_idol_02_Normal_Dx.png
  artifactKey: Guid(0861bf5b5a7b16c3cb23326430e62087) Importer(815301076,1909f56bfc062723c751e8b465ee728b)
Start importing Assets/Resources/ELargin/Celtic_Pagan_Idols/Textures/T_celtic_idol_02_Normal_Dx.png using Guid(0861bf5b5a7b16c3cb23326430e62087) Importer(815301076,1909f56bfc062723c751e8b465ee728b)  -> (artifact id: '6edd5d63209d72835944f07a3cfdbaa9') in 0.104777 seconds
  Import took 0.130299 seconds .

========================================================================
Received Import Request.
  Time since last request: 0.000201 seconds.
  path: Assets/Resources/ELargin/Celtic_Pagan_Idols/Textures/T_celtic_idol_09_Normal_OGl.png
  artifactKey: Guid(466e09df4836a759994020e887a3fc73) Importer(815301076,1909f56bfc062723c751e8b465ee728b)
Start importing Assets/Resources/ELargin/Celtic_Pagan_Idols/Textures/T_celtic_idol_09_Normal_OGl.png using Guid(466e09df4836a759994020e887a3fc73) Importer(815301076,1909f56bfc062723c751e8b465ee728b)  -> (artifact id: 'd6298daa2f5cb571c0739e5df0fc44ef') in 0.099081 seconds
  Import took 0.102604 seconds .

========================================================================
Received Import Request.
  Time since last request: 0.000226 seconds.
  path: Assets/Resources/ELargin/Celtic_Pagan_Idols/Textures/T_celtic_idol_04_Normal_Dx.png
  artifactKey: Guid(5cca9565e0469b02fb6534b240e4b26e) Importer(815301076,1909f56bfc062723c751e8b465ee728b)
Start importing Assets/Resources/ELargin/Celtic_Pagan_Idols/Textures/T_celtic_idol_04_Normal_Dx.png using Guid(5cca9565e0469b02fb6534b240e4b26e) Importer(815301076,1909f56bfc062723c751e8b465ee728b)  -> (artifact id: '7bde89ccc8f9c8e240d98548476c1c24') in 0.103261 seconds
  Import took 0.106944 seconds .

========================================================================
Received Import Request.
  Time since last request: 0.000166 seconds.
  path: Assets/Resources/ELargin/Celtic_Pagan_Idols/Textures/T_celtic_idol_08_AlbedoTransparency.png
  artifactKey: Guid(9c636b5c89dbe8ad89e505e780ad715c) Importer(815301076,1909f56bfc062723c751e8b465ee728b)
Start importing Assets/Resources/ELargin/Celtic_Pagan_Idols/Textures/T_celtic_idol_08_AlbedoTransparency.png using Guid(9c636b5c89dbe8ad89e505e780ad715c) Importer(815301076,1909f56bfc062723c751e8b465ee728b)  -> (artifact id: '6180e6aa56ea574fde76c505087e711d') in 0.063866 seconds
  Import took 0.067760 seconds .

========================================================================
Received Import Request.
  Time since last request: 0.000238 seconds.
  path: Assets/Resources/ELargin/Celtic_Pagan_Idols/Textures/T_celtic_idol_09_Normal_Dx.png
  artifactKey: Guid(9ea947cba4840ca64a632da8afb8b25e) Importer(815301076,1909f56bfc062723c751e8b465ee728b)
Start importing Assets/Resources/ELargin/Celtic_Pagan_Idols/Textures/T_celtic_idol_09_Normal_Dx.png using Guid(9ea947cba4840ca64a632da8afb8b25e) Importer(815301076,1909f56bfc062723c751e8b465ee728b)  -> (artifact id: '4a73580d5d3bb689e047ee00b57de85d') in 0.123131 seconds
  Import took 0.127093 seconds .

========================================================================
Received Import Request.
  Time since last request: 0.000127 seconds.
  path: Assets/Resources/ELargin/Celtic_Pagan_Idols/Textures/T_celtic_idol_11_AlbedoTransparency.png
  artifactKey: Guid(a6013982a629fa5e68d52cc29f58bb6c) Importer(815301076,1909f56bfc062723c751e8b465ee728b)
Start importing Assets/Resources/ELargin/Celtic_Pagan_Idols/Textures/T_celtic_idol_11_AlbedoTransparency.png using Guid(a6013982a629fa5e68d52cc29f58bb6c) Importer(815301076,1909f56bfc062723c751e8b465ee728b)  -> (artifact id: '412c2aea6ebd784513e26504c40c9a99') in 0.144799 seconds
  Import took 0.148826 seconds .

========================================================================
Received Import Request.
  Time since last request: 0.000128 seconds.
  path: Assets/Resources/ELargin/Celtic_Pagan_Idols/Textures/T_celtic_idol_12_Normal_OGl.png
  artifactKey: Guid(89c816173d34c97afa2726fb7ef53b09) Importer(815301076,1909f56bfc062723c751e8b465ee728b)
Start importing Assets/Resources/ELargin/Celtic_Pagan_Idols/Textures/T_celtic_idol_12_Normal_OGl.png using Guid(89c816173d34c97afa2726fb7ef53b09) Importer(815301076,1909f56bfc062723c751e8b465ee728b)  -> (artifact id: '02f1b29c657d3dd73ad9ba5b5c1bf649') in 0.083409 seconds
  Import took 0.087812 seconds .

========================================================================
Received Import Request.
  Time since last request: 0.000210 seconds.
  path: Assets/Resources/ELargin/Celtic_Pagan_Idols/Textures/T_celtic_idol_03_Normal_OGl.png
  artifactKey: Guid(b943e4c0a7962a9418c7232feefc3079) Importer(815301076,1909f56bfc062723c751e8b465ee728b)
Start importing Assets/Resources/ELargin/Celtic_Pagan_Idols/Textures/T_celtic_idol_03_Normal_OGl.png using Guid(b943e4c0a7962a9418c7232feefc3079) Importer(815301076,1909f56bfc062723c751e8b465ee728b)  -> (artifact id: '243d4f926e0093cce1e2f08d63059ef4') in 0.106922 seconds
  Import took 0.126605 seconds .

========================================================================
Received Import Request.
  Time since last request: 0.000168 seconds.
  path: Assets/Resources/ELargin/Celtic_Pagan_Idols/Textures/T_celtic_idol_04_MetallicSmoothness.png
  artifactKey: Guid(aa0444e9454f431d1afc88d4b20e4aae) Importer(815301076,1909f56bfc062723c751e8b465ee728b)
Start importing Assets/Resources/ELargin/Celtic_Pagan_Idols/Textures/T_celtic_idol_04_MetallicSmoothness.png using Guid(aa0444e9454f431d1afc88d4b20e4aae) Importer(815301076,1909f56bfc062723c751e8b465ee728b)  -> (artifact id: 'f6ef865651d52bd9209e3ff55f43ddcf') in 0.096517 seconds
  Import took 0.100114 seconds .

========================================================================
Received Import Request.
  Time since last request: 0.000196 seconds.
  path: Assets/Resources/ELargin/Celtic_Pagan_Idols/Textures/T_celtic_idol_05_AlbedoTransparency.png
  artifactKey: Guid(9f1b6090f68306051ba7b2670cc23afd) Importer(815301076,1909f56bfc062723c751e8b465ee728b)
Start importing Assets/Resources/ELargin/Celtic_Pagan_Idols/Textures/T_celtic_idol_05_AlbedoTransparency.png using Guid(9f1b6090f68306051ba7b2670cc23afd) Importer(815301076,1909f56bfc062723c751e8b465ee728b)  -> (artifact id: '9ad1a8766873e8ad6e3dcda080a9d24d') in 0.044438 seconds
  Import took 0.048035 seconds .

========================================================================
Received Import Request.
  Time since last request: 0.000210 seconds.
  path: Assets/Resources/ELargin/Celtic_Pagan_Idols/Textures/T_celtic_idol_07_Normal_Dx.png
  artifactKey: Guid(be0d58f2bf845730584e48626cd6dba5) Importer(815301076,1909f56bfc062723c751e8b465ee728b)
Start importing Assets/Resources/ELargin/Celtic_Pagan_Idols/Textures/T_celtic_idol_07_Normal_Dx.png using Guid(be0d58f2bf845730584e48626cd6dba5) Importer(815301076,1909f56bfc062723c751e8b465ee728b)  -> (artifact id: 'ef562c91ebdb513f179ece952e031146') in 0.127479 seconds
  Import took 0.130986 seconds .

========================================================================
Received Import Request.
  Time since last request: 0.000142 seconds.
  path: Assets/Resources/ELargin/Celtic_Pagan_Idols/Textures/T_celtic_idol_07_AlbedoTransparency.png
  artifactKey: Guid(d1c159fa1e9c147d6adc3f4868704387) Importer(815301076,1909f56bfc062723c751e8b465ee728b)
Start importing Assets/Resources/ELargin/Celtic_Pagan_Idols/Textures/T_celtic_idol_07_AlbedoTransparency.png using Guid(d1c159fa1e9c147d6adc3f4868704387) Importer(815301076,1909f56bfc062723c751e8b465ee728b)  -> (artifact id: 'fc30ec2103d6756896b8027a16ab4f2f') in 0.076872 seconds
  Import took 0.080464 seconds .

========================================================================
Received Import Request.
  Time since last request: 0.000119 seconds.
  path: Assets/Resources/ELargin/Celtic_Pagan_Idols/Textures/T_celtic_idol_12_MetallicSmoothness.png
  artifactKey: Guid(3341d4f1eedafab8294801372f1f29ba) Importer(815301076,1909f56bfc062723c751e8b465ee728b)
Start importing Assets/Resources/ELargin/Celtic_Pagan_Idols/Textures/T_celtic_idol_12_MetallicSmoothness.png using Guid(3341d4f1eedafab8294801372f1f29ba) Importer(815301076,1909f56bfc062723c751e8b465ee728b)  -> (artifact id: '739169ab45525b21552973835a80ad60') in 0.151562 seconds
  Import took 0.155565 seconds .

========================================================================
Received Import Request.
  Time since last request: 0.000203 seconds.
  path: Assets/Resources/ELargin/Celtic_Pagan_Idols/Textures/T_celtic_idol_01_Normal_Dx.png
  artifactKey: Guid(037e16c213eeb3cf487b8188489c21bb) Importer(815301076,1909f56bfc062723c751e8b465ee728b)
Start importing Assets/Resources/ELargin/Celtic_Pagan_Idols/Textures/T_celtic_idol_01_Normal_Dx.png using Guid(037e16c213eeb3cf487b8188489c21bb) Importer(815301076,1909f56bfc062723c751e8b465ee728b)  -> (artifact id: 'a2aae13d1d02f4c666fdbe4fe5ca7325') in 0.110695 seconds
  Import took 0.114326 seconds .

========================================================================
Received Import Request.
  Time since last request: 0.000141 seconds.
  path: Assets/Resources/ELargin/Celtic_Pagan_Idols/Textures/T_celtic_idol_01_MetallicSmoothness.png
  artifactKey: Guid(2aecbbebb0eda7603a90a14a5deffcc4) Importer(815301076,1909f56bfc062723c751e8b465ee728b)
Start importing Assets/Resources/ELargin/Celtic_Pagan_Idols/Textures/T_celtic_idol_01_MetallicSmoothness.png using Guid(2aecbbebb0eda7603a90a14a5deffcc4) Importer(815301076,1909f56bfc062723c751e8b465ee728b)  -> (artifact id: '57de43e0a28e5ca7864991d7eac7d718') in 0.143460 seconds
  Import took 0.147007 seconds .

========================================================================
Received Import Request.
  Time since last request: 0.000203 seconds.
  path: Assets/Resources/ELargin/Celtic_Pagan_Idols/Textures/T_celtic_idol_06_Normal_OGl.png
  artifactKey: Guid(375af79e78074e1a1b26af86b6f3de59) Importer(815301076,1909f56bfc062723c751e8b465ee728b)
Start importing Assets/Resources/ELargin/Celtic_Pagan_Idols/Textures/T_celtic_idol_06_Normal_OGl.png using Guid(375af79e78074e1a1b26af86b6f3de59) Importer(815301076,1909f56bfc062723c751e8b465ee728b)  -> (artifact id: 'dae1a76fc44b6f51632b396a0e861206') in 0.069289 seconds
  Import took 0.072905 seconds .

========================================================================
Received Import Request.
  Time since last request: 0.000144 seconds.
  path: Assets/Resources/ELargin/Celtic_Pagan_Idols/Textures/T_celtic_idol_08_MetallicSmoothness.png
  artifactKey: Guid(d1cb361b4d5beae178c86f2ebcdca499) Importer(815301076,1909f56bfc062723c751e8b465ee728b)
Start importing Assets/Resources/ELargin/Celtic_Pagan_Idols/Textures/T_celtic_idol_08_MetallicSmoothness.png using Guid(d1cb361b4d5beae178c86f2ebcdca499) Importer(815301076,1909f56bfc062723c751e8b465ee728b)  -> (artifact id: '579f04375ed3bb0b7a22768017ac7b69') in 0.108385 seconds
  Import took 0.112148 seconds .

========================================================================
Received Import Request.
  Time since last request: 0.000229 seconds.
  path: Assets/Resources/ELargin/Celtic_Pagan_Idols/Textures/T_celtic_idol_11_Normal_OGl.png
  artifactKey: Guid(dad523b9c4a77a750bb53b2b2a4de10e) Importer(815301076,1909f56bfc062723c751e8b465ee728b)
Start importing Assets/Resources/ELargin/Celtic_Pagan_Idols/Textures/T_celtic_idol_11_Normal_OGl.png using Guid(dad523b9c4a77a750bb53b2b2a4de10e) Importer(815301076,1909f56bfc062723c751e8b465ee728b)  -> (artifact id: '647279d6b0a5fae3384286238149e56d') in 0.112108 seconds
  Import took 0.115779 seconds .

========================================================================
Received Import Request.
  Time since last request: 0.000229 seconds.
  path: Assets/Resources/ELargin/Celtic_Pagan_Idols/Textures/T_celtic_idol_12_AlbedoTransparency.png
  artifactKey: Guid(72dbd4318fc011c16bfc83e33a937916) Importer(815301076,1909f56bfc062723c751e8b465ee728b)
Start importing Assets/Resources/ELargin/Celtic_Pagan_Idols/Textures/T_celtic_idol_12_AlbedoTransparency.png using Guid(72dbd4318fc011c16bfc83e33a937916) Importer(815301076,1909f56bfc062723c751e8b465ee728b)  -> (artifact id: '89372064c84dd464e3ed45c6bc9696c4') in 0.070466 seconds
  Import took 0.074104 seconds .

========================================================================
Received Import Request.
  Time since last request: 0.000235 seconds.
  path: Assets/Resources/ELargin/Celtic_Pagan_Idols/Textures/T_celtic_idol_08_Normal_OGl.png
  artifactKey: Guid(de2e01ad34b06e4f8b5dccd89a5ed166) Importer(815301076,1909f56bfc062723c751e8b465ee728b)
Start importing Assets/Resources/ELargin/Celtic_Pagan_Idols/Textures/T_celtic_idol_08_Normal_OGl.png using Guid(de2e01ad34b06e4f8b5dccd89a5ed166) Importer(815301076,1909f56bfc062723c751e8b465ee728b)  -> (artifact id: '6afc0a1a1907e5afc728d38da60f4bb5') in 0.177124 seconds
  Import took 0.180793 seconds .

========================================================================
Received Import Request.
  Time since last request: 0.000205 seconds.
  path: Assets/Resources/ELargin/Celtic_Pagan_Idols/Textures/T_HDRI.hdr
  artifactKey: Guid(d677ba467d2025cc0aa8532aa0f83496) Importer(815301076,1909f56bfc062723c751e8b465ee728b)
Start importing Assets/Resources/ELargin/Celtic_Pagan_Idols/Textures/T_HDRI.hdr using Guid(d677ba467d2025cc0aa8532aa0f83496) Importer(815301076,1909f56bfc062723c751e8b465ee728b)  -> (artifact id: 'ffc93198207299c603822a8260491879') in 0.233284 seconds
  Import took 0.237001 seconds .

========================================================================
Received Import Request.
  Time since last request: 0.000178 seconds.
  path: Assets/Resources/ELargin/Celtic_Pagan_Idols/Textures/T_celtic_idol_01_Normal_OGl.png
  artifactKey: Guid(1b1e9689beed00bb89efde6f8a75e9bd) Importer(815301076,1909f56bfc062723c751e8b465ee728b)
Start importing Assets/Resources/ELargin/Celtic_Pagan_Idols/Textures/T_celtic_idol_01_Normal_OGl.png using Guid(1b1e9689beed00bb89efde6f8a75e9bd) Importer(815301076,1909f56bfc062723c751e8b465ee728b)  -> (artifact id: '1f77a107f1d8ea328083e73b2c53af09') in 0.009979 seconds
  Import took 0.013773 seconds .

========================================================================
Received Import Request.
  Time since last request: 0.000229 seconds.
  path: Assets/Resources/ELargin/Celtic_Pagan_Idols/Textures/T_celtic_idol_09_MetallicSmoothness.png
  artifactKey: Guid(b4c789e0a87fed127b93f391ebac3c17) Importer(815301076,1909f56bfc062723c751e8b465ee728b)
Start importing Assets/Resources/ELargin/Celtic_Pagan_Idols/Textures/T_celtic_idol_09_MetallicSmoothness.png using Guid(b4c789e0a87fed127b93f391ebac3c17) Importer(815301076,1909f56bfc062723c751e8b465ee728b)  -> (artifact id: 'c6abdbd61b15ec301ed4561fce3368ad') in 0.228144 seconds
  Import took 0.231847 seconds .

========================================================================
Received Import Request.
  Time since last request: 0.000219 seconds.
  path: Assets/Resources/ELargin/Celtic_Pagan_Idols/Textures/T_celtic_idol_12_Normal_Dx.png
  artifactKey: Guid(f34890cdd828f3a2c83a8fdd0e4c9d1e) Importer(815301076,1909f56bfc062723c751e8b465ee728b)
Start importing Assets/Resources/ELargin/Celtic_Pagan_Idols/Textures/T_celtic_idol_12_Normal_Dx.png using Guid(f34890cdd828f3a2c83a8fdd0e4c9d1e) Importer(815301076,1909f56bfc062723c751e8b465ee728b)  -> (artifact id: '20e7372f6154eea39bb1c07c8b1d960a') in 0.191103 seconds
  Import took 0.194978 seconds .

========================================================================
Received Import Request.
  Time since last request: 0.000239 seconds.
  path: Assets/Resources/ELargin/Celtic_Pagan_Idols/Textures/T_celtic_idol_05_Normal_Dx.png
  artifactKey: Guid(9d99c4c095b4cff949c5af9893036f64) Importer(815301076,1909f56bfc062723c751e8b465ee728b)
Start importing Assets/Resources/ELargin/Celtic_Pagan_Idols/Textures/T_celtic_idol_05_Normal_Dx.png using Guid(9d99c4c095b4cff949c5af9893036f64) Importer(815301076,1909f56bfc062723c751e8b465ee728b)  -> (artifact id: '9bc5fdc19bcfbdfa066c41594be5d57d') in 0.297322 seconds
  Import took 0.301015 seconds .

========================================================================
Received Import Request.
  Time since last request: 0.000170 seconds.
  path: Assets/Resources/ELargin/Celtic_Pagan_Idols/Textures/T_celtic_idol_10_MetallicSmoothness.png
  artifactKey: Guid(d5c03b6a6e850abdfb1efe4844740647) Importer(815301076,1909f56bfc062723c751e8b465ee728b)
Start importing Assets/Resources/ELargin/Celtic_Pagan_Idols/Textures/T_celtic_idol_10_MetallicSmoothness.png using Guid(d5c03b6a6e850abdfb1efe4844740647) Importer(815301076,1909f56bfc062723c751e8b465ee728b)  -> (artifact id: '2935a07c9d3716c02295d7297c5099b5') in 0.140282 seconds
  Import took 0.143826 seconds .

========================================================================
Received Import Request.
  Time since last request: 0.000219 seconds.
  path: Assets/Resources/ELargin/Celtic_Pagan_Idols/Textures/T_celtic_idol_07_MetallicSmoothness.png
  artifactKey: Guid(969864f71a94196a8a8331cbbd013c46) Importer(815301076,1909f56bfc062723c751e8b465ee728b)
Start importing Assets/Resources/ELargin/Celtic_Pagan_Idols/Textures/T_celtic_idol_07_MetallicSmoothness.png using Guid(969864f71a94196a8a8331cbbd013c46) Importer(815301076,1909f56bfc062723c751e8b465ee728b)  -> (artifact id: '86666346ca878a4b6b046df388b85554') in 0.152083 seconds
  Import took 0.155640 seconds .

========================================================================
Received Import Request.
  Time since last request: 0.000199 seconds.
  path: Assets/Resources/ELargin/Celtic_Pagan_Idols/Textures/T_celtic_idol_10_AlbedoTransparency.png
  artifactKey: Guid(fdbe8f423463cdc9f9a404d5f21b6f54) Importer(815301076,1909f56bfc062723c751e8b465ee728b)
Start importing Assets/Resources/ELargin/Celtic_Pagan_Idols/Textures/T_celtic_idol_10_AlbedoTransparency.png using Guid(fdbe8f423463cdc9f9a404d5f21b6f54) Importer(815301076,1909f56bfc062723c751e8b465ee728b)  -> (artifact id: 'e0c293c3e325bce7cf544cf46194389a') in 0.204731 seconds
  Import took 0.208270 seconds .

========================================================================
Received Import Request.
  Time since last request: 0.000285 seconds.
  path: Assets/Resources/ELargin/Celtic_Pagan_Idols/Textures/T_celtic_idol_10_Normal_Dx.png
  artifactKey: Guid(17c7f8a4eaa71339ea79c2868c7a00e1) Importer(815301076,1909f56bfc062723c751e8b465ee728b)
Start importing Assets/Resources/ELargin/Celtic_Pagan_Idols/Textures/T_celtic_idol_10_Normal_Dx.png using Guid(17c7f8a4eaa71339ea79c2868c7a00e1) Importer(815301076,1909f56bfc062723c751e8b465ee728b)  -> (artifact id: '15d3498d258411369e52150219dc26e4') in 0.131435 seconds
  Import took 0.135563 seconds .

========================================================================
Received Import Request.
  Time since last request: 0.000227 seconds.
  path: Assets/Resources/ELargin/Celtic_Pagan_Idols/Textures/T_celtic_idol_03_Normal_Dx.png
  artifactKey: Guid(dad5380ad9d154d68b7f49c10d97a96b) Importer(815301076,1909f56bfc062723c751e8b465ee728b)
Start importing Assets/Resources/ELargin/Celtic_Pagan_Idols/Textures/T_celtic_idol_03_Normal_Dx.png using Guid(dad5380ad9d154d68b7f49c10d97a96b) Importer(815301076,1909f56bfc062723c751e8b465ee728b)  -> (artifact id: '2569e2107c2269de3a1e796086421a5f') in 0.012648 seconds
  Import took 0.016949 seconds .

========================================================================
Received Import Request.
  Time since last request: 0.000218 seconds.
  path: Assets/Resources/ELargin/Celtic_Pagan_Idols/Textures/T_celtic_idol_02_Normal_OGl.png
  artifactKey: Guid(59830251b097dc42cb9142b7de21d301) Importer(815301076,1909f56bfc062723c751e8b465ee728b)
Start importing Assets/Resources/ELargin/Celtic_Pagan_Idols/Textures/T_celtic_idol_02_Normal_OGl.png using Guid(59830251b097dc42cb9142b7de21d301) Importer(815301076,1909f56bfc062723c751e8b465ee728b)  -> (artifact id: 'c6cb0c2950a116ccad36e5847373dafa') in 0.011250 seconds
  Import took 0.014983 seconds .

========================================================================
Received Import Request.
  Time since last request: 0.000122 seconds.
  path: Assets/Resources/ELargin/Celtic_Pagan_Idols/Textures/T_celtic_idol_04_Normal_OGl.png
  artifactKey: Guid(089ef8d7b2b6df695a32837a8220fdb1) Importer(815301076,1909f56bfc062723c751e8b465ee728b)
Start importing Assets/Resources/ELargin/Celtic_Pagan_Idols/Textures/T_celtic_idol_04_Normal_OGl.png using Guid(089ef8d7b2b6df695a32837a8220fdb1) Importer(815301076,1909f56bfc062723c751e8b465ee728b)  -> (artifact id: '08c6539c76b5322a2410af9b45cf49d9') in 0.011945 seconds
  Import took 0.015937 seconds .

========================================================================
Received Import Request.
  Time since last request: 0.000171 seconds.
  path: Assets/Resources/ELargin/Celtic_Pagan_Idols/Textures/T_celtic_idol_03_AlbedoTransparency.png
  artifactKey: Guid(74260e787475416ffb4b05c54cedcb89) Importer(815301076,1909f56bfc062723c751e8b465ee728b)
Start importing Assets/Resources/ELargin/Celtic_Pagan_Idols/Textures/T_celtic_idol_03_AlbedoTransparency.png using Guid(74260e787475416ffb4b05c54cedcb89) Importer(815301076,1909f56bfc062723c751e8b465ee728b)  -> (artifact id: 'a549bc2ec6175008642f94f26786eebe') in 0.008460 seconds
  Import took 0.013165 seconds .

========================================================================
Received Import Request.
  Time since last request: 0.000244 seconds.
  path: Assets/Resources/ELargin/Celtic_Pagan_Idols/Textures/T_celtic_idol_09_AlbedoTransparency.png
  artifactKey: Guid(d02496d91fb663c959bb1053a443639d) Importer(815301076,1909f56bfc062723c751e8b465ee728b)
Start importing Assets/Resources/ELargin/Celtic_Pagan_Idols/Textures/T_celtic_idol_09_AlbedoTransparency.png using Guid(d02496d91fb663c959bb1053a443639d) Importer(815301076,1909f56bfc062723c751e8b465ee728b)  -> (artifact id: '844672573df9836e551d4871e6d690fc') in 0.009003 seconds
  Import took 0.013667 seconds .

========================================================================
Received Import Request.
  Time since last request: 0.000164 seconds.
  path: Assets/Resources/ELargin/Celtic_Pagan_Idols/Textures/T_celtic_idol_05_Normal_OGl.png
  artifactKey: Guid(f6bec1e267bc7c356a3228807bda20ff) Importer(815301076,1909f56bfc062723c751e8b465ee728b)
Start importing Assets/Resources/ELargin/Celtic_Pagan_Idols/Textures/T_celtic_idol_05_Normal_OGl.png using Guid(f6bec1e267bc7c356a3228807bda20ff) Importer(815301076,1909f56bfc062723c751e8b465ee728b)  -> (artifact id: 'e0e98f0f3360b9c9390fcb8df898f927') in 0.009219 seconds
  Import took 0.013093 seconds .

========================================================================
Received Import Request.
  Time since last request: 0.000122 seconds.
  path: Assets/Resources/ELargin/Celtic_Pagan_Idols/Textures/T_celtic_idol_07_Normal_OGl.png
  artifactKey: Guid(2fceebb5ee54522f3a33083f883a2e24) Importer(815301076,1909f56bfc062723c751e8b465ee728b)
Start importing Assets/Resources/ELargin/Celtic_Pagan_Idols/Textures/T_celtic_idol_07_Normal_OGl.png using Guid(2fceebb5ee54522f3a33083f883a2e24) Importer(815301076,1909f56bfc062723c751e8b465ee728b)  -> (artifact id: '9b20d64d78e2ec0f80857ab4709381d2') in 0.012719 seconds
  Import took 0.016576 seconds .

========================================================================
Received Import Request.
  Time since last request: 0.000139 seconds.
  path: Assets/Resources/ELargin/Celtic_Pagan_Idols/Textures/T_celtic_idol_02_MetallicSmoothness.png
  artifactKey: Guid(46cf3e2ae3452bb1fa2c924303bc6480) Importer(815301076,1909f56bfc062723c751e8b465ee728b)
Start importing Assets/Resources/ELargin/Celtic_Pagan_Idols/Textures/T_celtic_idol_02_MetallicSmoothness.png using Guid(46cf3e2ae3452bb1fa2c924303bc6480) Importer(815301076,1909f56bfc062723c751e8b465ee728b)  -> (artifact id: 'fab6c41cc579a073b75f9f5f22c0d715') in 0.009790 seconds
  Import took 0.013511 seconds .

========================================================================
Received Import Request.
  Time since last request: 0.000110 seconds.
  path: Assets/Resources/ELargin/Celtic_Pagan_Idols/Textures/T_celtic_idol_05_MetallicSmoothness.png
  artifactKey: Guid(4b7c613e9f834e2b6a4213f9c2ed2395) Importer(815301076,1909f56bfc062723c751e8b465ee728b)
Start importing Assets/Resources/ELargin/Celtic_Pagan_Idols/Textures/T_celtic_idol_05_MetallicSmoothness.png using Guid(4b7c613e9f834e2b6a4213f9c2ed2395) Importer(815301076,1909f56bfc062723c751e8b465ee728b)  -> (artifact id: 'b01e4b324dcb569b2ac3a9a24c43177a') in 0.012611 seconds
  Import took 0.016440 seconds .

========================================================================
Received Import Request.
  Time since last request: 31.999022 seconds.
  path: Assets/Resources/ELargin/Celtic_Pagan_Idols/Textures/T_celtic_idol_04_Normal_OGl.png
  artifactKey: Guid(089ef8d7b2b6df695a32837a8220fdb1) Importer(815301076,1909f56bfc062723c751e8b465ee728b)
Start importing Assets/Resources/ELargin/Celtic_Pagan_Idols/Textures/T_celtic_idol_04_Normal_OGl.png using Guid(089ef8d7b2b6df695a32837a8220fdb1) Importer(815301076,1909f56bfc062723c751e8b465ee728b)  -> (artifact id: '0be89c9b9b70ff5355b79155bd195a1f') in 0.009368 seconds
  Import took 0.013314 seconds .

========================================================================
Received Import Request.
  Time since last request: 0.000229 seconds.
  path: Assets/Resources/ELargin/Celtic_Pagan_Idols/Textures/T_celtic_idol_10_Normal_OGl.png
  artifactKey: Guid(d8c3d5f22c7d1a73fb5ae3b377b7b102) Importer(815301076,1909f56bfc062723c751e8b465ee728b)
Start importing Assets/Resources/ELargin/Celtic_Pagan_Idols/Textures/T_celtic_idol_10_Normal_OGl.png using Guid(d8c3d5f22c7d1a73fb5ae3b377b7b102) Importer(815301076,1909f56bfc062723c751e8b465ee728b)  -> (artifact id: '313f5cfdf3a81614a67ba87505487e06') in 0.007804 seconds
  Import took 0.011611 seconds .

========================================================================
Received Import Request.
  Time since last request: 0.000229 seconds.
  path: Assets/Resources/ELargin/Celtic_Pagan_Idols/Textures/T_celtic_idol_11_Normal_Dx.png
  artifactKey: Guid(fb12df36aed36bd729a41afe2e678411) Importer(815301076,1909f56bfc062723c751e8b465ee728b)
Start importing Assets/Resources/ELargin/Celtic_Pagan_Idols/Textures/T_celtic_idol_11_Normal_Dx.png using Guid(fb12df36aed36bd729a41afe2e678411) Importer(815301076,1909f56bfc062723c751e8b465ee728b)  -> (artifact id: '54db04b12cdf759df665348fa60efc09') in 0.009562 seconds
  Import took 0.013351 seconds .

========================================================================
Received Import Request.
  Time since last request: 0.000172 seconds.
  path: Assets/Resources/ELargin/Celtic_Pagan_Idols/Textures/T_celtic_idol_06_MetallicSmoothness.png
  artifactKey: Guid(11e1841d8c66c47bf8de9ee5c8b7a856) Importer(815301076,1909f56bfc062723c751e8b465ee728b)
Start importing Assets/Resources/ELargin/Celtic_Pagan_Idols/Textures/T_celtic_idol_06_MetallicSmoothness.png using Guid(11e1841d8c66c47bf8de9ee5c8b7a856) Importer(815301076,1909f56bfc062723c751e8b465ee728b)  -> (artifact id: '62d1b5b94dc6bae72fe313de3c4ab7ce') in 0.008094 seconds
  Import took 0.012031 seconds .

========================================================================
Received Import Request.
  Time since last request: 0.000155 seconds.
  path: Assets/Resources/ELargin/Celtic_Pagan_Idols/Textures/T_celtic_idol_11_MetallicSmoothness.png
  artifactKey: Guid(40dcb167f6d3ebfe3b568a1d236a62bc) Importer(815301076,1909f56bfc062723c751e8b465ee728b)
Start importing Assets/Resources/ELargin/Celtic_Pagan_Idols/Textures/T_celtic_idol_11_MetallicSmoothness.png using Guid(40dcb167f6d3ebfe3b568a1d236a62bc) Importer(815301076,1909f56bfc062723c751e8b465ee728b)  -> (artifact id: 'a5111c95ecc29bcdff259e3cb5a5c511') in 0.009128 seconds
  Import took 0.012858 seconds .

========================================================================
Received Import Request.
  Time since last request: 0.000131 seconds.
  path: Assets/Resources/ELargin/Celtic_Pagan_Idols/Textures/T_celtic_idol_08_Normal_Dx.png
  artifactKey: Guid(ba9056536ca1e0e54b33ec803f38527c) Importer(815301076,1909f56bfc062723c751e8b465ee728b)
Start importing Assets/Resources/ELargin/Celtic_Pagan_Idols/Textures/T_celtic_idol_08_Normal_Dx.png using Guid(ba9056536ca1e0e54b33ec803f38527c) Importer(815301076,1909f56bfc062723c751e8b465ee728b)  -> (artifact id: '1b17c644978c4067177e68d4e6d1fcc7') in 0.008184 seconds
  Import took 0.011791 seconds .

========================================================================
Received Import Request.
  Time since last request: 0.000220 seconds.
  path: Assets/Resources/ELargin/Celtic_Pagan_Idols/Textures/T_celtic_idol_06_AlbedoTransparency.png
  artifactKey: Guid(a06e49df0f0856a4fb92100ebdd16bb8) Importer(815301076,1909f56bfc062723c751e8b465ee728b)
Start importing Assets/Resources/ELargin/Celtic_Pagan_Idols/Textures/T_celtic_idol_06_AlbedoTransparency.png using Guid(a06e49df0f0856a4fb92100ebdd16bb8) Importer(815301076,1909f56bfc062723c751e8b465ee728b)  -> (artifact id: '053b8922397a1887d9a9272f9c858bcf') in 0.007441 seconds
  Import took 0.011357 seconds .

========================================================================
Received Import Request.
  Time since last request: 0.000218 seconds.
  path: Assets/Resources/ELargin/Celtic_Pagan_Idols/Textures/T_celtic_idol_06_Normal_Dx.png
  artifactKey: Guid(ab953a4f0cb1d002b990f913fb24ff70) Importer(815301076,1909f56bfc062723c751e8b465ee728b)
Start importing Assets/Resources/ELargin/Celtic_Pagan_Idols/Textures/T_celtic_idol_06_Normal_Dx.png using Guid(ab953a4f0cb1d002b990f913fb24ff70) Importer(815301076,1909f56bfc062723c751e8b465ee728b)  -> (artifact id: '28553c679e16155c6ab99f5bd398ef29') in 0.012156 seconds
  Import took 0.016393 seconds .

========================================================================
Received Import Request.
  Time since last request: 0.000213 seconds.
  path: Assets/Resources/ELargin/Celtic_Pagan_Idols/Textures/T_celtic_idol_09_Normal_OGl.png
  artifactKey: Guid(466e09df4836a759994020e887a3fc73) Importer(815301076,1909f56bfc062723c751e8b465ee728b)
Start importing Assets/Resources/ELargin/Celtic_Pagan_Idols/Textures/T_celtic_idol_09_Normal_OGl.png using Guid(466e09df4836a759994020e887a3fc73) Importer(815301076,1909f56bfc062723c751e8b465ee728b)  -> (artifact id: '38e77d58cef390fad5cce906144f866e') in 0.010790 seconds
  Import took 0.014761 seconds .

========================================================================
Received Import Request.
  Time since last request: 0.000152 seconds.
  path: Assets/Resources/ELargin/Celtic_Pagan_Idols/Textures/T_celtic_idol_08_AlbedoTransparency.png
  artifactKey: Guid(9c636b5c89dbe8ad89e505e780ad715c) Importer(815301076,1909f56bfc062723c751e8b465ee728b)
Start importing Assets/Resources/ELargin/Celtic_Pagan_Idols/Textures/T_celtic_idol_08_AlbedoTransparency.png using Guid(9c636b5c89dbe8ad89e505e780ad715c) Importer(815301076,1909f56bfc062723c751e8b465ee728b)  -> (artifact id: 'b7e7d076baa1693b14a70921d066d5f8') in 0.011503 seconds
  Import took 0.038020 seconds .

========================================================================
Received Import Request.
  Time since last request: 0.000180 seconds.
  path: Assets/Resources/ELargin/Celtic_Pagan_Idols/Textures/T_celtic_idol_09_Normal_Dx.png
  artifactKey: Guid(9ea947cba4840ca64a632da8afb8b25e) Importer(815301076,1909f56bfc062723c751e8b465ee728b)
Start importing Assets/Resources/ELargin/Celtic_Pagan_Idols/Textures/T_celtic_idol_09_Normal_Dx.png using Guid(9ea947cba4840ca64a632da8afb8b25e) Importer(815301076,1909f56bfc062723c751e8b465ee728b)  -> (artifact id: '337e0a272a58af12aa6cc5f8e17897f2') in 0.008071 seconds
  Import took 0.011865 seconds .

========================================================================
Received Import Request.
  Time since last request: 0.000195 seconds.
  path: Assets/Resources/ELargin/Celtic_Pagan_Idols/Textures/T_celtic_idol_11_AlbedoTransparency.png
  artifactKey: Guid(a6013982a629fa5e68d52cc29f58bb6c) Importer(815301076,1909f56bfc062723c751e8b465ee728b)
Start importing Assets/Resources/ELargin/Celtic_Pagan_Idols/Textures/T_celtic_idol_11_AlbedoTransparency.png using Guid(a6013982a629fa5e68d52cc29f58bb6c) Importer(815301076,1909f56bfc062723c751e8b465ee728b)  -> (artifact id: '3f7d723b92cfee3d27a2c6ab0fee423b') in 0.013397 seconds
  Import took 0.043402 seconds .

========================================================================
Received Import Request.
  Time since last request: 0.000163 seconds.
  path: Assets/Resources/ELargin/Celtic_Pagan_Idols/Textures/T_celtic_idol_12_Normal_OGl.png
  artifactKey: Guid(89c816173d34c97afa2726fb7ef53b09) Importer(815301076,1909f56bfc062723c751e8b465ee728b)
Start importing Assets/Resources/ELargin/Celtic_Pagan_Idols/Textures/T_celtic_idol_12_Normal_OGl.png using Guid(89c816173d34c97afa2726fb7ef53b09) Importer(815301076,1909f56bfc062723c751e8b465ee728b)  -> (artifact id: '5091f13d09a0b1674c52a3f13b53e641') in 0.009762 seconds
  Import took 0.013547 seconds .

========================================================================
Received Import Request.
  Time since last request: 0.000127 seconds.
  path: Assets/Resources/ELargin/Celtic_Pagan_Idols/Textures/T_celtic_idol_05_AlbedoTransparency.png
  artifactKey: Guid(9f1b6090f68306051ba7b2670cc23afd) Importer(815301076,1909f56bfc062723c751e8b465ee728b)
Start importing Assets/Resources/ELargin/Celtic_Pagan_Idols/Textures/T_celtic_idol_05_AlbedoTransparency.png using Guid(9f1b6090f68306051ba7b2670cc23afd) Importer(815301076,1909f56bfc062723c751e8b465ee728b)  -> (artifact id: '57db41ed0507bc2cf5af17e2ee18a032') in 0.006987 seconds
  Import took 0.010705 seconds .

========================================================================
Received Import Request.
  Time since last request: 0.000218 seconds.
  path: Assets/Resources/ELargin/Celtic_Pagan_Idols/Textures/T_celtic_idol_07_Normal_Dx.png
  artifactKey: Guid(be0d58f2bf845730584e48626cd6dba5) Importer(815301076,1909f56bfc062723c751e8b465ee728b)
Start importing Assets/Resources/ELargin/Celtic_Pagan_Idols/Textures/T_celtic_idol_07_Normal_Dx.png using Guid(be0d58f2bf845730584e48626cd6dba5) Importer(815301076,1909f56bfc062723c751e8b465ee728b)  -> (artifact id: 'e48c8b66cc06299ac545663769cf84db') in 0.010126 seconds
  Import took 0.023799 seconds .

========================================================================
Received Import Request.
  Time since last request: 0.000202 seconds.
  path: Assets/Resources/ELargin/Celtic_Pagan_Idols/Textures/T_celtic_idol_07_AlbedoTransparency.png
  artifactKey: Guid(d1c159fa1e9c147d6adc3f4868704387) Importer(815301076,1909f56bfc062723c751e8b465ee728b)
Start importing Assets/Resources/ELargin/Celtic_Pagan_Idols/Textures/T_celtic_idol_07_AlbedoTransparency.png using Guid(d1c159fa1e9c147d6adc3f4868704387) Importer(815301076,1909f56bfc062723c751e8b465ee728b)  -> (artifact id: '967be011d5ff91685cc8d6c14221dcc6') in 0.007713 seconds
  Import took 0.011588 seconds .

========================================================================
Received Import Request.
  Time since last request: 0.000222 seconds.
  path: Assets/Resources/ELargin/Celtic_Pagan_Idols/Textures/T_celtic_idol_12_MetallicSmoothness.png
  artifactKey: Guid(3341d4f1eedafab8294801372f1f29ba) Importer(815301076,1909f56bfc062723c751e8b465ee728b)
Start importing Assets/Resources/ELargin/Celtic_Pagan_Idols/Textures/T_celtic_idol_12_MetallicSmoothness.png using Guid(3341d4f1eedafab8294801372f1f29ba) Importer(815301076,1909f56bfc062723c751e8b465ee728b)  -> (artifact id: '84cea16a3ab5815ecc4b7e9853444e10') in 0.007876 seconds
  Import took 0.011812 seconds .

========================================================================
Received Import Request.
  Time since last request: 0.000179 seconds.
  path: Assets/Resources/ELargin/Celtic_Pagan_Idols/Textures/T_celtic_idol_06_Normal_OGl.png
  artifactKey: Guid(375af79e78074e1a1b26af86b6f3de59) Importer(815301076,1909f56bfc062723c751e8b465ee728b)
Start importing Assets/Resources/ELargin/Celtic_Pagan_Idols/Textures/T_celtic_idol_06_Normal_OGl.png using Guid(375af79e78074e1a1b26af86b6f3de59) Importer(815301076,1909f56bfc062723c751e8b465ee728b)  -> (artifact id: 'b62038aad6a1dd0f3632970a0ae75c4a') in 0.011987 seconds
  Import took 0.015985 seconds .

========================================================================
Received Import Request.
  Time since last request: 0.000212 seconds.
  path: Assets/Resources/ELargin/Celtic_Pagan_Idols/Textures/T_celtic_idol_08_MetallicSmoothness.png
  artifactKey: Guid(d1cb361b4d5beae178c86f2ebcdca499) Importer(815301076,1909f56bfc062723c751e8b465ee728b)
Start importing Assets/Resources/ELargin/Celtic_Pagan_Idols/Textures/T_celtic_idol_08_MetallicSmoothness.png using Guid(d1cb361b4d5beae178c86f2ebcdca499) Importer(815301076,1909f56bfc062723c751e8b465ee728b)  -> (artifact id: 'c700968b90a9dd5cfbd9e2078085a197') in 0.014699 seconds
  Import took 0.018292 seconds .

========================================================================
Received Import Request.
  Time since last request: 0.000138 seconds.
  path: Assets/Resources/ELargin/Celtic_Pagan_Idols/Textures/T_celtic_idol_11_Normal_OGl.png
  artifactKey: Guid(dad523b9c4a77a750bb53b2b2a4de10e) Importer(815301076,1909f56bfc062723c751e8b465ee728b)
Start importing Assets/Resources/ELargin/Celtic_Pagan_Idols/Textures/T_celtic_idol_11_Normal_OGl.png using Guid(dad523b9c4a77a750bb53b2b2a4de10e) Importer(815301076,1909f56bfc062723c751e8b465ee728b)  -> (artifact id: 'd477acddac867bfa2da4318f74e8f2db') in 0.009605 seconds
  Import took 0.013468 seconds .

========================================================================
Received Import Request.
  Time since last request: 0.000169 seconds.
  path: Assets/Resources/ELargin/Celtic_Pagan_Idols/Textures/T_celtic_idol_12_AlbedoTransparency.png
  artifactKey: Guid(72dbd4318fc011c16bfc83e33a937916) Importer(815301076,1909f56bfc062723c751e8b465ee728b)
Start importing Assets/Resources/ELargin/Celtic_Pagan_Idols/Textures/T_celtic_idol_12_AlbedoTransparency.png using Guid(72dbd4318fc011c16bfc83e33a937916) Importer(815301076,1909f56bfc062723c751e8b465ee728b)  -> (artifact id: 'f2c0144acaff400b1ae79f9d796fadac') in 0.007673 seconds
  Import took 0.011468 seconds .

========================================================================
Received Import Request.
  Time since last request: 0.000148 seconds.
  path: Assets/Resources/ELargin/Celtic_Pagan_Idols/Textures/T_celtic_idol_08_Normal_OGl.png
  artifactKey: Guid(de2e01ad34b06e4f8b5dccd89a5ed166) Importer(815301076,1909f56bfc062723c751e8b465ee728b)
Start importing Assets/Resources/ELargin/Celtic_Pagan_Idols/Textures/T_celtic_idol_08_Normal_OGl.png using Guid(de2e01ad34b06e4f8b5dccd89a5ed166) Importer(815301076,1909f56bfc062723c751e8b465ee728b)  -> (artifact id: 'a1bcec9db7aaee8342f90274883571b8') in 0.009588 seconds
  Import took 0.013483 seconds .

========================================================================
Received Import Request.
  Time since last request: 0.000194 seconds.
  path: Assets/Resources/ELargin/Celtic_Pagan_Idols/Textures/T_HDRI.hdr
  artifactKey: Guid(d677ba467d2025cc0aa8532aa0f83496) Importer(815301076,1909f56bfc062723c751e8b465ee728b)
Start importing Assets/Resources/ELargin/Celtic_Pagan_Idols/Textures/T_HDRI.hdr using Guid(d677ba467d2025cc0aa8532aa0f83496) Importer(815301076,1909f56bfc062723c751e8b465ee728b)  -> (artifact id: 'd98884916cc01540699db70be3ef4fc6') in 0.007027 seconds
  Import took 0.010630 seconds .

========================================================================
Received Import Request.
  Time since last request: 0.000204 seconds.
  path: Assets/Resources/ELargin/Celtic_Pagan_Idols/Textures/T_celtic_idol_09_MetallicSmoothness.png
  artifactKey: Guid(b4c789e0a87fed127b93f391ebac3c17) Importer(815301076,1909f56bfc062723c751e8b465ee728b)
Start importing Assets/Resources/ELargin/Celtic_Pagan_Idols/Textures/T_celtic_idol_09_MetallicSmoothness.png using Guid(b4c789e0a87fed127b93f391ebac3c17) Importer(815301076,1909f56bfc062723c751e8b465ee728b)  -> (artifact id: 'e6d936ccdc5f373f6a5588d20f093ad6') in 0.010822 seconds
  Import took 0.014786 seconds .

========================================================================
Received Import Request.
  Time since last request: 0.000219 seconds.
  path: Assets/Resources/ELargin/Celtic_Pagan_Idols/Textures/T_celtic_idol_12_Normal_Dx.png
  artifactKey: Guid(f34890cdd828f3a2c83a8fdd0e4c9d1e) Importer(815301076,1909f56bfc062723c751e8b465ee728b)
Start importing Assets/Resources/ELargin/Celtic_Pagan_Idols/Textures/T_celtic_idol_12_Normal_Dx.png using Guid(f34890cdd828f3a2c83a8fdd0e4c9d1e) Importer(815301076,1909f56bfc062723c751e8b465ee728b)  -> (artifact id: 'eb5fa59a89bdeaf29614ecaa0cd47232') in 0.011090 seconds
  Import took 0.014653 seconds .

========================================================================
Received Import Request.
  Time since last request: 0.000179 seconds.
  path: Assets/Resources/ELargin/Celtic_Pagan_Idols/Textures/T_celtic_idol_05_Normal_Dx.png
  artifactKey: Guid(9d99c4c095b4cff949c5af9893036f64) Importer(815301076,1909f56bfc062723c751e8b465ee728b)
Start importing Assets/Resources/ELargin/Celtic_Pagan_Idols/Textures/T_celtic_idol_05_Normal_Dx.png using Guid(9d99c4c095b4cff949c5af9893036f64) Importer(815301076,1909f56bfc062723c751e8b465ee728b)  -> (artifact id: '6bd0ad2830f6ed49f515d2c7afb34f71') in 0.010674 seconds
  Import took 0.014287 seconds .

========================================================================
Received Import Request.
  Time since last request: 0.000214 seconds.
  path: Assets/Resources/ELargin/Celtic_Pagan_Idols/Textures/T_celtic_idol_10_MetallicSmoothness.png
  artifactKey: Guid(d5c03b6a6e850abdfb1efe4844740647) Importer(815301076,1909f56bfc062723c751e8b465ee728b)
Start importing Assets/Resources/ELargin/Celtic_Pagan_Idols/Textures/T_celtic_idol_10_MetallicSmoothness.png using Guid(d5c03b6a6e850abdfb1efe4844740647) Importer(815301076,1909f56bfc062723c751e8b465ee728b)  -> (artifact id: '3b9a7d9ef994f60da03991aeeea747fb') in 0.007966 seconds
  Import took 0.011697 seconds .

========================================================================
Received Import Request.
  Time since last request: 0.000217 seconds.
  path: Assets/Resources/ELargin/Celtic_Pagan_Idols/Textures/T_celtic_idol_07_MetallicSmoothness.png
  artifactKey: Guid(969864f71a94196a8a8331cbbd013c46) Importer(815301076,1909f56bfc062723c751e8b465ee728b)
Start importing Assets/Resources/ELargin/Celtic_Pagan_Idols/Textures/T_celtic_idol_07_MetallicSmoothness.png using Guid(969864f71a94196a8a8331cbbd013c46) Importer(815301076,1909f56bfc062723c751e8b465ee728b)  -> (artifact id: 'd5ca42b074eed5d6b6c9bc9ee69de62c') in 0.009553 seconds
  Import took 0.013740 seconds .

========================================================================
Received Import Request.
  Time since last request: 0.000206 seconds.
  path: Assets/Resources/ELargin/Celtic_Pagan_Idols/Textures/T_celtic_idol_10_AlbedoTransparency.png
  artifactKey: Guid(fdbe8f423463cdc9f9a404d5f21b6f54) Importer(815301076,1909f56bfc062723c751e8b465ee728b)
Start importing Assets/Resources/ELargin/Celtic_Pagan_Idols/Textures/T_celtic_idol_10_AlbedoTransparency.png using Guid(fdbe8f423463cdc9f9a404d5f21b6f54) Importer(815301076,1909f56bfc062723c751e8b465ee728b)  -> (artifact id: '25f6edf8d9b70e216b2c7cb961986821') in 0.010007 seconds
  Import took 0.014023 seconds .

========================================================================
Received Import Request.
  Time since last request: 0.000209 seconds.
  path: Assets/Resources/ELargin/Celtic_Pagan_Idols/Textures/T_celtic_idol_10_Normal_Dx.png
  artifactKey: Guid(17c7f8a4eaa71339ea79c2868c7a00e1) Importer(815301076,1909f56bfc062723c751e8b465ee728b)
Start importing Assets/Resources/ELargin/Celtic_Pagan_Idols/Textures/T_celtic_idol_10_Normal_Dx.png using Guid(17c7f8a4eaa71339ea79c2868c7a00e1) Importer(815301076,1909f56bfc062723c751e8b465ee728b)  -> (artifact id: '5c19f32e0a2a79ab77ca08e03ad8c4a3') in 0.010444 seconds
  Import took 0.014538 seconds .

========================================================================
Received Import Request.
  Time since last request: 0.000110 seconds.
  path: Assets/Resources/ELargin/Celtic_Pagan_Idols/Textures/T_celtic_idol_09_AlbedoTransparency.png
  artifactKey: Guid(d02496d91fb663c959bb1053a443639d) Importer(815301076,1909f56bfc062723c751e8b465ee728b)
Start importing Assets/Resources/ELargin/Celtic_Pagan_Idols/Textures/T_celtic_idol_09_AlbedoTransparency.png using Guid(d02496d91fb663c959bb1053a443639d) Importer(815301076,1909f56bfc062723c751e8b465ee728b)  -> (artifact id: '836c7b18f7cc0f59e6cd1005672f7386') in 0.010451 seconds
  Import took 0.014569 seconds .

========================================================================
Received Import Request.
  Time since last request: 0.000184 seconds.
  path: Assets/Resources/ELargin/Celtic_Pagan_Idols/Textures/T_celtic_idol_05_Normal_OGl.png
  artifactKey: Guid(f6bec1e267bc7c356a3228807bda20ff) Importer(815301076,1909f56bfc062723c751e8b465ee728b)
Start importing Assets/Resources/ELargin/Celtic_Pagan_Idols/Textures/T_celtic_idol_05_Normal_OGl.png using Guid(f6bec1e267bc7c356a3228807bda20ff) Importer(815301076,1909f56bfc062723c751e8b465ee728b)  -> (artifact id: '663957677682e5ffd23953ec19ca1d84') in 0.011359 seconds
  Import took 0.015137 seconds .

========================================================================
Received Import Request.
  Time since last request: 0.000213 seconds.
  path: Assets/Resources/ELargin/Celtic_Pagan_Idols/Textures/T_celtic_idol_07_Normal_OGl.png
  artifactKey: Guid(2fceebb5ee54522f3a33083f883a2e24) Importer(815301076,1909f56bfc062723c751e8b465ee728b)
Start importing Assets/Resources/ELargin/Celtic_Pagan_Idols/Textures/T_celtic_idol_07_Normal_OGl.png using Guid(2fceebb5ee54522f3a33083f883a2e24) Importer(815301076,1909f56bfc062723c751e8b465ee728b)  -> (artifact id: 'd3dbe8e04243f7fe62fa65cdd4847609') in 0.010091 seconds
  Import took 0.017815 seconds .

========================================================================
Received Import Request.
  Time since last request: 0.000145 seconds.
  path: Assets/Resources/ELargin/Celtic_Pagan_Idols/Textures/T_celtic_idol_01_AlbedoTransparency.png
  artifactKey: Guid(4dc7369200e7983f2b589eeeb268c0c8) Importer(815301076,1909f56bfc062723c751e8b465ee728b)
Start importing Assets/Resources/ELargin/Celtic_Pagan_Idols/Textures/T_celtic_idol_01_AlbedoTransparency.png using Guid(4dc7369200e7983f2b589eeeb268c0c8) Importer(815301076,1909f56bfc062723c751e8b465ee728b)  -> (artifact id: 'c76b9403fbae8aa7ab6d4e94b2605f50') in 0.007742 seconds
  Import took 0.011826 seconds .

========================================================================
Received Import Request.
  Time since last request: 0.000250 seconds.
  path: Assets/Resources/ELargin/Celtic_Pagan_Idols/Textures/T_celtic_idol_05_MetallicSmoothness.png
  artifactKey: Guid(4b7c613e9f834e2b6a4213f9c2ed2395) Importer(815301076,1909f56bfc062723c751e8b465ee728b)
Start importing Assets/Resources/ELargin/Celtic_Pagan_Idols/Textures/T_celtic_idol_05_MetallicSmoothness.png using Guid(4b7c613e9f834e2b6a4213f9c2ed2395) Importer(815301076,1909f56bfc062723c751e8b465ee728b)  -> (artifact id: '71c1cb4d0499e83db4d8e596d98a7bb3') in 0.007821 seconds
  Import took 0.011725 seconds .

========================================================================
Received Import Request.
  Time since last request: 8.572509 seconds.
  path: Assets/Resources/ELargin/Celtic_Pagan_Idols/Prefabs
  artifactKey: Guid(a742229160c19ecd8bfedff36f2bd123) Importer(815301076,1909f56bfc062723c751e8b465ee728b)
Start importing Assets/Resources/ELargin/Celtic_Pagan_Idols/Prefabs using Guid(a742229160c19ecd8bfedff36f2bd123) Importer(815301076,1909f56bfc062723c751e8b465ee728b)  -> (artifact id: '841a5cd8ac9845114a6b810530f35998') in 0.024456 seconds
  Import took 0.028369 seconds .

========================================================================
Received Import Request.
  Time since last request: 0.614162 seconds.
  path: Assets/Resources/ELargin/Celtic_Pagan_Idols/Materials
  artifactKey: Guid(2c30ab82bd7e2880c918224bfd4dfdc7) Importer(815301076,1909f56bfc062723c751e8b465ee728b)
Start importing Assets/Resources/ELargin/Celtic_Pagan_Idols/Materials using Guid(2c30ab82bd7e2880c918224bfd4dfdc7) Importer(815301076,1909f56bfc062723c751e8b465ee728b)  -> (artifact id: 'fedfdfdc31ffe3dc067b86e7c5ca8148') in 0.004322 seconds
  Import took 0.008212 seconds .

========================================================================
Received Import Request.
  Time since last request: 0.071545 seconds.
  path: Assets/Resources/ELargin/Celtic_Pagan_Idols/Materials/M_celtic_idol_01.mat
  artifactKey: Guid(8d07d0c1898bd8d6ea2834d45254a2d1) Importer(815301076,1909f56bfc062723c751e8b465ee728b)
Start importing Assets/Resources/ELargin/Celtic_Pagan_Idols/Materials/M_celtic_idol_01.mat using Guid(8d07d0c1898bd8d6ea2834d45254a2d1) Importer(815301076,1909f56bfc062723c751e8b465ee728b)  -> (artifact id: '939914c3062b780db95b62ca6f1c8838') in 0.133068 seconds
  Import took 0.137389 seconds .

========================================================================
Received Import Request.
  Time since last request: 0.000217 seconds.
  path: Assets/Resources/ELargin/Celtic_Pagan_Idols/Materials/M_celtic_idol_12.mat
  artifactKey: Guid(66f9a59110a1e6de9b307a251148e5eb) Importer(815301076,1909f56bfc062723c751e8b465ee728b)
Start importing Assets/Resources/ELargin/Celtic_Pagan_Idols/Materials/M_celtic_idol_12.mat using Guid(66f9a59110a1e6de9b307a251148e5eb) Importer(815301076,1909f56bfc062723c751e8b465ee728b)  -> (artifact id: '4d5fe25d5f40f419abb5f4eadd68f1d2') in 0.009674 seconds
  Import took 0.013615 seconds .

========================================================================
Received Import Request.
  Time since last request: 0.000133 seconds.
  path: Assets/Resources/ELargin/Celtic_Pagan_Idols/Materials/M_celtic_idol_08.mat
  artifactKey: Guid(ef8b12814b1e2d9cd835f6080026434f) Importer(815301076,1909f56bfc062723c751e8b465ee728b)
Start importing Assets/Resources/ELargin/Celtic_Pagan_Idols/Materials/M_celtic_idol_08.mat using Guid(ef8b12814b1e2d9cd835f6080026434f) Importer(815301076,1909f56bfc062723c751e8b465ee728b)  -> (artifact id: '88936457b80235e06d86c77e721c7d32') in 0.009482 seconds
  Import took 0.013581 seconds .

========================================================================
Received Import Request.
  Time since last request: 0.000208 seconds.
  path: Assets/Resources/ELargin/Celtic_Pagan_Idols/Materials/M_celtic_idol_06.mat
  artifactKey: Guid(392e5ffff25804cb1ada69a3bfe73403) Importer(815301076,1909f56bfc062723c751e8b465ee728b)
Start importing Assets/Resources/ELargin/Celtic_Pagan_Idols/Materials/M_celtic_idol_06.mat using Guid(392e5ffff25804cb1ada69a3bfe73403) Importer(815301076,1909f56bfc062723c751e8b465ee728b)  -> (artifact id: '8226a7c8a4afa58c8911e15eb5225f30') in 0.011486 seconds
  Import took 0.015518 seconds .

========================================================================
Received Import Request.
  Time since last request: 0.000194 seconds.
  path: Assets/Resources/ELargin/Celtic_Pagan_Idols/Materials/M_celtic_idol_02.mat
  artifactKey: Guid(3bc707c0583700f6c967ca1a3899fefa) Importer(815301076,1909f56bfc062723c751e8b465ee728b)
Start importing Assets/Resources/ELargin/Celtic_Pagan_Idols/Materials/M_celtic_idol_02.mat using Guid(3bc707c0583700f6c967ca1a3899fefa) Importer(815301076,1909f56bfc062723c751e8b465ee728b)  -> (artifact id: 'b790c4f58b2dbae27af0771ff3b86e5d') in 0.013760 seconds
  Import took 0.018053 seconds .

========================================================================
Received Import Request.
  Time since last request: 0.000211 seconds.
  path: Assets/Resources/ELargin/Celtic_Pagan_Idols/Materials/M_celtic_idol_04.mat
  artifactKey: Guid(43bac5d01b81e2177981ed3df51ad80d) Importer(815301076,1909f56bfc062723c751e8b465ee728b)
Start importing Assets/Resources/ELargin/Celtic_Pagan_Idols/Materials/M_celtic_idol_04.mat using Guid(43bac5d01b81e2177981ed3df51ad80d) Importer(815301076,1909f56bfc062723c751e8b465ee728b)  -> (artifact id: '3e8a84c71d99900269c937f41f5d04c6') in 0.010394 seconds
  Import took 0.014436 seconds .

========================================================================
Received Import Request.
  Time since last request: 0.000170 seconds.
  path: Assets/Resources/ELargin/Celtic_Pagan_Idols/Materials/M_celtic_idol_05.mat
  artifactKey: Guid(33c15de099e96662c9570eb3a638a53f) Importer(815301076,1909f56bfc062723c751e8b465ee728b)
Start importing Assets/Resources/ELargin/Celtic_Pagan_Idols/Materials/M_celtic_idol_05.mat using Guid(33c15de099e96662c9570eb3a638a53f) Importer(815301076,1909f56bfc062723c751e8b465ee728b)  -> (artifact id: '92c6358273fdcb44dde88a14de488296') in 0.013119 seconds
  Import took 0.017005 seconds .

========================================================================
Received Import Request.
  Time since last request: 0.000190 seconds.
  path: Assets/Resources/ELargin/Celtic_Pagan_Idols/Materials/M_skybox.mat
  artifactKey: Guid(97c189852e641b0feb5eff7bc18f7da9) Importer(815301076,1909f56bfc062723c751e8b465ee728b)
Start importing Assets/Resources/ELargin/Celtic_Pagan_Idols/Materials/M_skybox.mat using Guid(97c189852e641b0feb5eff7bc18f7da9) Importer(815301076,1909f56bfc062723c751e8b465ee728b)  -> (artifact id: 'bf358984a40750265a478b83f5d223d7') in 0.045841 seconds
  Import took 0.049565 seconds .

========================================================================
Received Import Request.
  Time since last request: 0.000245 seconds.
  path: Assets/Resources/ELargin/Celtic_Pagan_Idols/Materials/M_celtic_idol_10.mat
  artifactKey: Guid(49d845eaa2bc43216b67ab1c9d7f6846) Importer(815301076,1909f56bfc062723c751e8b465ee728b)
Start importing Assets/Resources/ELargin/Celtic_Pagan_Idols/Materials/M_celtic_idol_10.mat using Guid(49d845eaa2bc43216b67ab1c9d7f6846) Importer(815301076,1909f56bfc062723c751e8b465ee728b)  -> (artifact id: '3191d54b923007fae82f28dcacac8257') in 0.013409 seconds
  Import took 0.017221 seconds .

========================================================================
Received Import Request.
  Time since last request: 0.000217 seconds.
  path: Assets/Resources/ELargin/Celtic_Pagan_Idols/Materials/M_celtic_idol_11.mat
  artifactKey: Guid(782fbd3d47d2c8d8d8d1c3fcf2298c75) Importer(815301076,1909f56bfc062723c751e8b465ee728b)
Start importing Assets/Resources/ELargin/Celtic_Pagan_Idols/Materials/M_celtic_idol_11.mat using Guid(782fbd3d47d2c8d8d8d1c3fcf2298c75) Importer(815301076,1909f56bfc062723c751e8b465ee728b)  -> (artifact id: '51d4f3937582ef7bca8494635100836e') in 0.012405 seconds
  Import took 0.016270 seconds .

========================================================================
Received Import Request.
  Time since last request: 0.000183 seconds.
  path: Assets/Resources/ELargin/Celtic_Pagan_Idols/Materials/M_celtic_idol_09.mat
  artifactKey: Guid(99a14ab7fa506bba394750fdab55a868) Importer(815301076,1909f56bfc062723c751e8b465ee728b)
Start importing Assets/Resources/ELargin/Celtic_Pagan_Idols/Materials/M_celtic_idol_09.mat using Guid(99a14ab7fa506bba394750fdab55a868) Importer(815301076,1909f56bfc062723c751e8b465ee728b)  -> (artifact id: 'f017577dc2dbd6eee63e76ef1df4f00c') in 0.012087 seconds
  Import took 0.015831 seconds .

========================================================================
Received Import Request.
  Time since last request: 0.000153 seconds.
  path: Assets/Resources/ELargin/Celtic_Pagan_Idols/Materials/M_pedestal.mat
  artifactKey: Guid(0bde6149281df97189001f248da483e2) Importer(815301076,1909f56bfc062723c751e8b465ee728b)
Start importing Assets/Resources/ELargin/Celtic_Pagan_Idols/Materials/M_pedestal.mat using Guid(0bde6149281df97189001f248da483e2) Importer(815301076,1909f56bfc062723c751e8b465ee728b)  -> (artifact id: '001e90d8045eeb51861d196eef140aeb') in 0.011139 seconds
  Import took 0.014977 seconds .

========================================================================
Received Import Request.
  Time since last request: 0.000130 seconds.
  path: Assets/Resources/ELargin/Celtic_Pagan_Idols/Materials/M_celtic_idol_03.mat
  artifactKey: Guid(645146110346cc8a0a6b7541b08036e2) Importer(815301076,1909f56bfc062723c751e8b465ee728b)
Start importing Assets/Resources/ELargin/Celtic_Pagan_Idols/Materials/M_celtic_idol_03.mat using Guid(645146110346cc8a0a6b7541b08036e2) Importer(815301076,1909f56bfc062723c751e8b465ee728b)  -> (artifact id: 'f20057b77fd065fdb487114feea23cc9') in 0.014053 seconds
  Import took 0.017820 seconds .

========================================================================
Received Import Request.
  Time since last request: 0.000197 seconds.
  path: Assets/Resources/ELargin/Celtic_Pagan_Idols/Materials/M_celtic_idol_07.mat
  artifactKey: Guid(7461939ea4d880be6becd5f9769b8344) Importer(815301076,1909f56bfc062723c751e8b465ee728b)
Start importing Assets/Resources/ELargin/Celtic_Pagan_Idols/Materials/M_celtic_idol_07.mat using Guid(7461939ea4d880be6becd5f9769b8344) Importer(815301076,1909f56bfc062723c751e8b465ee728b)  -> (artifact id: 'b1e9fee5c90d76dd36cdccbd02cf3efd') in 0.012958 seconds
  Import took 0.024783 seconds .

========================================================================
Received Import Request.
  Time since last request: 0.000215 seconds.
  path: Assets/Resources/ELargin/Celtic_Pagan_Idols/Materials/M_celtic_idol_03.mat
  artifactKey: Guid(645146110346cc8a0a6b7541b08036e2) Importer(815301076,1909f56bfc062723c751e8b465ee728b)
Start importing Assets/Resources/ELargin/Celtic_Pagan_Idols/Materials/M_celtic_idol_03.mat using Guid(645146110346cc8a0a6b7541b08036e2) Importer(815301076,1909f56bfc062723c751e8b465ee728b)  -> (artifact id: 'f20057b77fd065fdb487114feea23cc9') in 0.009030 seconds
  Import took 0.013166 seconds .

AssetImportWorkerClient::OnTransportError - code=2 error=End of file
