Using pre-set license
Built from '2020.3/staging' branch; Version is '2020.3.9f1 (108be757e447) revision 1084391'; Using compiler version '192528614'; Build Type 'Release'
OS: 'Windows 10 Home; OS build 19042.1288; Version 2009; 64bit' Language: 'en' Physical Memory: 16321 MB
BatchMode: 1, IsHumanControllingUs: 0, StartBugReporterOnCrash: 0, Is64bit: 1, IsPro: 0

 COMMAND LINE ARGUMENTS:
C:\Program Files\Unity\Hub\Editor\2020.3.9f1\Editor\Unity.exe
-adb2
-batchMode
-noUpm
-name
AssetImportWorker1
-projectPath
D:/Unity/Majors/Majors/Mr Crossy
-logFile
Logs/AssetImportWorker1.log
-srvPort
61740
Successfully changed project path to: D:/Unity/Majors/Majors/Mr Crossy
D:/Unity/Majors/Majors/Mr Crossy
Using Asset Import Pipeline V2.
Refreshing native plugins compatible for Editor in 247.33 ms, found 22 plugins.
Preloading 0 native plugins for Editor in 0.00 ms.
Initialize engine version: 2020.3.9f1 (108be757e447)
[Subsystems] Discovering subsystems at path C:/Program Files/Unity/Hub/Editor/2020.3.9f1/Editor/Data/Resources/UnitySubsystems
[Subsystems] Discovering subsystems at path D:/Unity/Majors/Majors/Mr Crossy/Assets
GfxDevice: creating device client; threaded=0
Direct3D:
    Version:  Direct3D 11.0 [level 11.1]
    Renderer: NVIDIA GeForce RTX 2080 (ID=0x1e82)
    Vendor:   
    VRAM:     8010 MB
    Driver:   30.0.14.7212
Shader 'Lux URP/Particles/Simple Lit': fallback shader 'Lightweight Render Pipeline/Particles/Unlit' not found
Shader 'Universal Render Pipeline/Particles/Lit': fallback shader 'Universal Render Pipeline/Particles/SimpleLit' not found
Initialize mono
Mono path[0] = 'C:/Program Files/Unity/Hub/Editor/2020.3.9f1/Editor/Data/Managed'
Mono path[1] = 'C:/Program Files/Unity/Hub/Editor/2020.3.9f1/Editor/Data/MonoBleedingEdge/lib/mono/unityjit'
Mono config path = 'C:/Program Files/Unity/Hub/Editor/2020.3.9f1/Editor/Data/MonoBleedingEdge/etc'
Using monoOptions --debugger-agent=transport=dt_socket,embedding=1,server=y,suspend=n,address=127.0.0.1:56880
Begin MonoManager ReloadAssembly
Registering precompiled unity dll's ...
Register platform support module: C:/Program Files/Unity/Hub/Editor/2020.3.9f1/Editor/Data/PlaybackEngines/WindowsStandaloneSupport/UnityEditor.WindowsStandalone.Extensions.dll
Registered in 0.002060 seconds.
Native extension for WindowsStandalone target not found
Refreshing native plugins compatible for Editor in 217.63 ms, found 22 plugins.
Preloading 0 native plugins for Editor in 0.00 ms.
Mono: successfully reloaded assembly
- Completed reload, in  2.816 seconds
Platform modules already initialized, skipping
Registering precompiled user dll's ...
Registered in 0.008793 seconds.
Begin MonoManager ReloadAssembly
Native extension for WindowsStandalone target not found
Refreshing native plugins compatible for Editor in 226.47 ms, found 22 plugins.
Preloading 0 native plugins for Editor in 0.00 ms.
RefreshInfo: StopAssetImportingV2(NoUpdateAssetOptions) scanfilter: 
RefreshProfiler: Total: 0.000ms
RefreshInfo: StopAssetImportingV2(NoUpdateAssetOptions) scanfilter: 
RefreshProfiler: Total: 0.000ms
Mono: successfully reloaded assembly
- Completed reload, in  1.861 seconds
Platform modules already initialized, skipping
========================================================================
Worker process is ready to serve import requests
Shader 'Lux URP/Particles/Simple Lit': fallback shader 'Lightweight Render Pipeline/Particles/Unlit' not found
Shader 'Universal Render Pipeline/Particles/Lit': fallback shader 'Universal Render Pipeline/Particles/SimpleLit' not found
Launched and connected shader compiler UnityShaderCompiler.exe after 0.03 seconds
Refreshing native plugins compatible for Editor in 2.82 ms, found 22 plugins.
Preloading 0 native plugins for Editor in 0.00 ms.
Unloading 68 Unused Serialized files (Serialized files now loaded: 0)
System memory in use before: 154.3 MB.
System memory in use after: 135.1 MB.

Unloading 105 unused Assets to reduce memory usage. Loaded Objects now: 4093.
Total: 4.374100 ms (FindLiveObjects: 0.236800 ms CreateObjectMapping: 0.122700 ms MarkObjects: 2.551400 ms  DeleteObjects: 1.462500 ms)

========================================================================
Received Import Request.
  path: Assets/Mud_3.terrainlayer
  artifactKey: Guid(8297e459d9ddf694d8f2232e1128c0b6) Importer(815301076,1909f56bfc062723c751e8b465ee728b)
Start importing Assets/Mud_3.terrainlayer using Guid(8297e459d9ddf694d8f2232e1128c0b6) Importer(815301076,1909f56bfc062723c751e8b465ee728b)  -> (artifact id: '80fadfbc5dc0acc0ec90d75d6e3f7531') in 0.076510 seconds
  Import took 0.124326 seconds .

========================================================================
Received Import Request.
  Time since last request: 0.000884 seconds.
  path: Assets/Cobblestone.terrainlayer
  artifactKey: Guid(d5ef5e5374e74c743aecbc397b9a4142) Importer(815301076,1909f56bfc062723c751e8b465ee728b)
Start importing Assets/Cobblestone.terrainlayer using Guid(d5ef5e5374e74c743aecbc397b9a4142) Importer(815301076,1909f56bfc062723c751e8b465ee728b)  -> (artifact id: '88c9a5ed9f1a8663975691767d48a3f1') in 0.099502 seconds
  Import took 0.110332 seconds .

========================================================================
Received Import Request.
  Time since last request: 0.000934 seconds.
  path: Assets/Menu_Terrain.asset
  artifactKey: Guid(ae812e4013410cd4eafa215dfe68a0a7) Importer(815301076,1909f56bfc062723c751e8b465ee728b)
Start importing Assets/Menu_Terrain.asset using Guid(ae812e4013410cd4eafa215dfe68a0a7) Importer(815301076,1909f56bfc062723c751e8b465ee728b)  -> (artifact id: 'b8466d5f52d5acea642b1cfd7076b03f') in 0.024219 seconds
  Import took 0.034737 seconds .

========================================================================
Received Import Request.
  Time since last request: 0.000770 seconds.
  path: Assets/NewLayer.terrainlayer
  artifactKey: Guid(ac40339c5e20c134ba66ebb9d10ee572) Importer(815301076,1909f56bfc062723c751e8b465ee728b)
Start importing Assets/NewLayer.terrainlayer using Guid(ac40339c5e20c134ba66ebb9d10ee572) Importer(815301076,1909f56bfc062723c751e8b465ee728b)  -> (artifact id: 'cf6397f3959902f7591722c6f2b24e95') in 0.009737 seconds
  Import took 0.019632 seconds .

========================================================================
Received Import Request.
  Time since last request: 0.000685 seconds.
  path: Assets/New Terrain Material.mat
  artifactKey: Guid(a96956bfe9f42e8479d089b6dd4a517f) Importer(815301076,1909f56bfc062723c751e8b465ee728b)
Start importing Assets/New Terrain Material.mat using Guid(a96956bfe9f42e8479d089b6dd4a517f) Importer(815301076,1909f56bfc062723c751e8b465ee728b)  -> (artifact id: '726ae3d370359b78d4e0556db4f9004a') in 0.607849 seconds
  Import took 0.618707 seconds .

========================================================================
Received Import Request.
  Time since last request: 0.000893 seconds.
  path: Assets/Grass_Rock_Layer.terrainlayer
  artifactKey: Guid(82a781cb27b4c4d439a506ace0a63e65) Importer(815301076,1909f56bfc062723c751e8b465ee728b)
Start importing Assets/Grass_Rock_Layer.terrainlayer using Guid(82a781cb27b4c4d439a506ace0a63e65) Importer(815301076,1909f56bfc062723c751e8b465ee728b)  -> (artifact id: '0289e83d73e56ba0276a42ddbf37ee91') in 0.013357 seconds
  Import took 0.022971 seconds .

========================================================================
Received Import Request.
  Time since last request: 0.000687 seconds.
  path: Assets/New Terrain.asset
  artifactKey: Guid(a8d73d98e84c79e469121a832db91712) Importer(815301076,1909f56bfc062723c751e8b465ee728b)
Start importing Assets/New Terrain.asset using Guid(a8d73d98e84c79e469121a832db91712) Importer(815301076,1909f56bfc062723c751e8b465ee728b) Shader error in 'NatureManufacture/URP/Foliage/Foliage': Couldn't open include file 'Assets/NatureManufacture Assets/Foliage Shaders/NM_Foliage_VSPro_Indirect.cginc'. at line 3776

Compiling Vertex program with INSTANCING_ON _WINDCOLORMIX_ON _DISTANCEBLEND_ON
Platform defines: UNITY_ENABLE_REFLECTION_BUFFERS UNITY_USE_DITHER_MASK_FOR_ALPHABLENDED_SHADOWS UNITY_PBS_USE_BRDF1 UNITY_SPECCUBE_BOX_PROJECTION UNITY_SPECCUBE_BLENDING UNITY_ENABLE_DETAIL_NORMALMAP SHADER_API_DESKTOP UNITY_COLORSPACE_GAMMA UNITY_LIGHT_PROBE_PROXY_VOLUME UNITY_LIGHTMAP_FULL_HDR UNITY_PASS_SHADOWCASTER
Disabled keywords: DOTS_INSTANCING_ON UNITY_NO_DXT5nm UNITY_ENABLE_NATIVE_SHADOW_LOOKUPS UNITY_METAL_SHADOWS_USE_POINT_FILTERING UNITY_NO_SCREENSPACE_SHADOWS UNITY_PBS_USE_BRDF2 UNITY_PBS_USE_BRDF3 UNITY_NO_FULL_STANDARD_SHADER UNITY_HARDWARE_TIER1 UNITY_HARDWARE_TIER2 UNITY_HARDWARE_TIER3 UNITY_HALF_PRECISION_FRAGMENT_SHADER_REGISTERS UNITY_LIGHTMAP_DLDR_ENCODING UNITY_LIGHTMAP_RGBM_ENCODING UNITY_VIRTUAL_TEXTURING UNITY_PRETRANSFORM_TO_DISPLAY_ORIENTATION UNITY_ASTC_NORMALMAP_ENCODING SHADER_API_GLES30

Shader error in 'NatureManufacture/URP/Foliage/Foliage': Couldn't open include file 'Assets/NatureManufacture Assets/Foliage Shaders/NM_Foliage_VSPro_Indirect.cginc'. at line 3776

Compiling Vertex program with INSTANCING_ON _WINDCOLORMIX_ON _DISTANCEBLEND_ON
Platform defines: UNITY_ENABLE_REFLECTION_BUFFERS UNITY_USE_DITHER_MASK_FOR_ALPHABLENDED_SHADOWS UNITY_PBS_USE_BRDF1 UNITY_SPECCUBE_BOX_PROJECTION UNITY_SPECCUBE_BLENDING UNITY_ENABLE_DETAIL_NORMALMAP SHADER_API_DESKTOP UNITY_COLORSPACE_GAMMA UNITY_LIGHT_PROBE_PROXY_VOLUME UNITY_LIGHTMAP_FULL_HDR UNITY_PASS_SHADOWCASTER
Disabled keywords: DOTS_INSTANCING_ON UNITY_NO_DXT5nm UNITY_ENABLE_NATIVE_SHADOW_LOOKUPS UNITY_METAL_SHADOWS_USE_POINT_FILTERING UNITY_NO_SCREENSPACE_SHADOWS UNITY_PBS_USE_BRDF2 UNITY_PBS_USE_BRDF3 UNITY_NO_FULL_STANDARD_SHADER UNITY_HARDWARE_TIER1 UNITY_HARDWARE_TIER2 UNITY_HARDWARE_TIER3 UNITY_HALF_PRECISION_FRAGMENT_SHADER_REGISTERS UNITY_LIGHTMAP_DLDR_ENCODING UNITY_LIGHTMAP_RGBM_ENCODING UNITY_VIRTUAL_TEXTURING UNITY_PRETRANSFORM_TO_DISPLAY_ORIENTATION UNITY_ASTC_NORMALMAP_ENCODING SHADER_API_GLES30

 -> (artifact id: '7cc22adc06a6bc61e0ef55db58063791') in 0.075099 seconds
  Import took 0.088458 seconds .

========================================================================
Received Import Request.
  Time since last request: 8220.044736 seconds.
  path: Assets/Scenes/Cobble_Layer.terrainlayer
  artifactKey: Guid(09cfb50315e0cf840b09dc65cc623d09) Importer(815301076,1909f56bfc062723c751e8b465ee728b)
Start importing Assets/Scenes/Cobble_Layer.terrainlayer using Guid(09cfb50315e0cf840b09dc65cc623d09) Importer(815301076,1909f56bfc062723c751e8b465ee728b)  -> (artifact id: '0ecc59064bb4924aeb92ef0a90342976') in 0.035977 seconds
  Import took 0.049968 seconds .

========================================================================
Received Import Request.
  Time since last request: 0.001785 seconds.
  path: Assets/Scenes/Cobblestone.terrainlayer
  artifactKey: Guid(f32dda04ffc4a2f48a50753c968f52da) Importer(815301076,1909f56bfc062723c751e8b465ee728b)
Start importing Assets/Scenes/Cobblestone.terrainlayer using Guid(f32dda04ffc4a2f48a50753c968f52da) Importer(815301076,1909f56bfc062723c751e8b465ee728b)  -> (artifact id: 'b3b69d6373a10e3255cfa5b95951ffd1') in 0.010057 seconds
  Import took 0.021841 seconds .

========================================================================
Received Import Request.
  Time since last request: 2.394089 seconds.
  path: Assets/Scenes/Scene_Dressing
  artifactKey: Guid(e9c00847ec416c043bdbae224c62d9de) Importer(815301076,1909f56bfc062723c751e8b465ee728b)
Start importing Assets/Scenes/Scene_Dressing using Guid(e9c00847ec416c043bdbae224c62d9de) Importer(815301076,1909f56bfc062723c751e8b465ee728b)  -> (artifact id: 'ec188f4893f758984195ae350e5c10f2') in 0.003419 seconds
  Import took 0.014255 seconds .

========================================================================
Received Import Request.
  Time since last request: 0.002154 seconds.
  path: Assets/Scenes/Scene_Dressing
  artifactKey: Guid(e9c00847ec416c043bdbae224c62d9de) Importer(815301076,1909f56bfc062723c751e8b465ee728b)
Start importing Assets/Scenes/Scene_Dressing using Guid(e9c00847ec416c043bdbae224c62d9de) Importer(815301076,1909f56bfc062723c751e8b465ee728b)  -> (artifact id: 'ec188f4893f758984195ae350e5c10f2') in 0.003329 seconds
  Import took 0.014626 seconds .

========================================================================
Received Import Request.
  Time since last request: 1.186986 seconds.
  path: Assets/Scenes/Scene_Dressing/SD_Sean.unity
  artifactKey: Guid(ed94e3d94c6c8524fb3acd97836be8a1) Importer(815301076,1909f56bfc062723c751e8b465ee728b)
Start importing Assets/Scenes/Scene_Dressing/SD_Sean.unity using Guid(ed94e3d94c6c8524fb3acd97836be8a1) Importer(815301076,1909f56bfc062723c751e8b465ee728b)  -> (artifact id: '85865373a24d3b6d889165e875e1ca7b') in 0.003465 seconds
  Import took 0.014591 seconds .

========================================================================
Received Import Request.
  Time since last request: 563.799253 seconds.
  path: Assets/Resources/DesertedVillage/models/candle_02.fbx
  artifactKey: Guid(ebe5048c16f702f4bb0832904e2e1760) Importer(815301076,1909f56bfc062723c751e8b465ee728b)
Start importing Assets/Resources/DesertedVillage/models/candle_02.fbx using Guid(ebe5048c16f702f4bb0832904e2e1760) Importer(815301076,1909f56bfc062723c751e8b465ee728b)  -> (artifact id: '457f96973b97ec5bbe96c73b1ba05d6b') in 0.586953 seconds
  Import took 0.599736 seconds .

========================================================================
Received Import Request.
  Time since last request: 0.000844 seconds.
  path: Assets/Resources/DesertedVillage/models/floor_03.fbx
  artifactKey: Guid(0da3f0a52665f1e4fa6eb83680b4b86f) Importer(815301076,1909f56bfc062723c751e8b465ee728b)
Start importing Assets/Resources/DesertedVillage/models/floor_03.fbx using Guid(0da3f0a52665f1e4fa6eb83680b4b86f) Importer(815301076,1909f56bfc062723c751e8b465ee728b)  -> (artifact id: '674ddad5591e489ec94d653befff4340') in 0.016461 seconds
  Import took 0.029931 seconds .

========================================================================
Received Import Request.
  Time since last request: 0.000797 seconds.
  path: Assets/Resources/DesertedVillage/models/pillow.fbx
  artifactKey: Guid(9b62c6e823cec7547b13e5e26657c2ed) Importer(815301076,1909f56bfc062723c751e8b465ee728b)
Start importing Assets/Resources/DesertedVillage/models/pillow.fbx using Guid(9b62c6e823cec7547b13e5e26657c2ed) Importer(815301076,1909f56bfc062723c751e8b465ee728b)  -> (artifact id: 'f57bca569d2ec941e8d0dd305edf2715') in 0.016581 seconds
  Import took 0.026930 seconds .

========================================================================
Received Import Request.
  Time since last request: 0.002434 seconds.
  path: Assets/Resources/DesertedVillage/models/shutter_03.fbx
  artifactKey: Guid(c354a22110ecadb4585064fdf6c07d4c) Importer(815301076,1909f56bfc062723c751e8b465ee728b)
Start importing Assets/Resources/DesertedVillage/models/shutter_03.fbx using Guid(c354a22110ecadb4585064fdf6c07d4c) Importer(815301076,1909f56bfc062723c751e8b465ee728b)  -> (artifact id: '3dc7201cf02d895d12ea049714d0b982') in 0.015554 seconds
  Import took 0.039311 seconds .

========================================================================
Received Import Request.
  Time since last request: 0.000823 seconds.
  path: Assets/Resources/DesertedVillage/models/house_03_collider.fbx
  artifactKey: Guid(7f8f8973c54e2a648a259f56e858e40a) Importer(815301076,1909f56bfc062723c751e8b465ee728b)
Start importing Assets/Resources/DesertedVillage/models/house_03_collider.fbx using Guid(7f8f8973c54e2a648a259f56e858e40a) Importer(815301076,1909f56bfc062723c751e8b465ee728b)  -> (artifact id: '7d46576d244b230c4eaeeffbbc7b4e50') in 0.016570 seconds
  Import took 0.051425 seconds .

========================================================================
Received Import Request.
  Time since last request: 0.000836 seconds.
  path: Assets/Resources/DesertedVillage/models/house_08_collider.fbx
  artifactKey: Guid(b4931bd7a7670554fb53e53108e2ba35) Importer(815301076,1909f56bfc062723c751e8b465ee728b)
Start importing Assets/Resources/DesertedVillage/models/house_08_collider.fbx using Guid(b4931bd7a7670554fb53e53108e2ba35) Importer(815301076,1909f56bfc062723c751e8b465ee728b)  -> (artifact id: 'b80ae4fdf2c18dd4dd5e78c048abc014') in 0.015450 seconds
  Import took 0.050838 seconds .

========================================================================
Received Import Request.
  Time since last request: 0.000748 seconds.
  path: Assets/Resources/DesertedVillage/models/house_01_02_collider.fbx
  artifactKey: Guid(81d4dccecd057a149a6f8fb0ca9c9f92) Importer(815301076,1909f56bfc062723c751e8b465ee728b)
Start importing Assets/Resources/DesertedVillage/models/house_01_02_collider.fbx using Guid(81d4dccecd057a149a6f8fb0ca9c9f92) Importer(815301076,1909f56bfc062723c751e8b465ee728b)  -> (artifact id: '0964e2b942abcf1610e42ff377548f38') in 0.021030 seconds
  Import took 0.031160 seconds .

========================================================================
Received Import Request.
  Time since last request: 0.001583 seconds.
  path: Assets/Resources/DesertedVillage/models/house_09.fbx
  artifactKey: Guid(16c6f50ee25a70c4997981401493ea60) Importer(815301076,1909f56bfc062723c751e8b465ee728b)
Start importing Assets/Resources/DesertedVillage/models/house_09.fbx using Guid(16c6f50ee25a70c4997981401493ea60) Importer(815301076,1909f56bfc062723c751e8b465ee728b)  -> (artifact id: '99af0268f961d9d576f5b21c59200372') in 0.032746 seconds
  Import took 0.043646 seconds .

========================================================================
Received Import Request.
  Time since last request: 0.002582 seconds.
  path: Assets/Resources/DesertedVillage/models/planks_01.fbx
  artifactKey: Guid(6d9482ed615602f4286d3b182139ed31) Importer(815301076,1909f56bfc062723c751e8b465ee728b)
Start importing Assets/Resources/DesertedVillage/models/planks_01.fbx using Guid(6d9482ed615602f4286d3b182139ed31) Importer(815301076,1909f56bfc062723c751e8b465ee728b)  -> (artifact id: '8be5e46571ba8ae2e8ba8540d8ec844a') in 0.015011 seconds
  Import took 0.026198 seconds .

========================================================================
Received Import Request.
  Time since last request: 0.000791 seconds.
  path: Assets/Resources/DesertedVillage/models/floor_01.fbx
  artifactKey: Guid(3550633d6a5434347af0bb66d78fa742) Importer(815301076,1909f56bfc062723c751e8b465ee728b)
Start importing Assets/Resources/DesertedVillage/models/floor_01.fbx using Guid(3550633d6a5434347af0bb66d78fa742) Importer(815301076,1909f56bfc062723c751e8b465ee728b)  -> (artifact id: 'da5c9325a0b14fd528d00129d0ba8d57') in 0.014670 seconds
  Import took 0.052926 seconds .

========================================================================
Received Import Request.
  Time since last request: 0.000878 seconds.
  path: Assets/Resources/DesertedVillage/models/package_02.fbx
  artifactKey: Guid(854946fec25655b498ab0710bb427a1e) Importer(815301076,1909f56bfc062723c751e8b465ee728b)
Start importing Assets/Resources/DesertedVillage/models/package_02.fbx using Guid(854946fec25655b498ab0710bb427a1e) Importer(815301076,1909f56bfc062723c751e8b465ee728b)  -> (artifact id: 'd5a514ed2bb1a6545d718f88fcc3bb7a') in 0.015881 seconds
  Import took 0.027656 seconds .

========================================================================
Received Import Request.
  Time since last request: 0.000688 seconds.
  path: Assets/Resources/DesertedVillage/models/house_10_collider.fbx
  artifactKey: Guid(abbb41c92d3a0d545b82e9aea500f6e5) Importer(815301076,1909f56bfc062723c751e8b465ee728b)
Start importing Assets/Resources/DesertedVillage/models/house_10_collider.fbx using Guid(abbb41c92d3a0d545b82e9aea500f6e5) Importer(815301076,1909f56bfc062723c751e8b465ee728b)  -> (artifact id: 'fdbd0620947faeed45b0d443ee5ff288') in 0.016721 seconds
  Import took 0.028060 seconds .

========================================================================
Received Import Request.
  Time since last request: 0.000954 seconds.
  path: Assets/Resources/DesertedVillage/models/trunk_01.fbx
  artifactKey: Guid(cd1fe3602d873224ebb3d3b8f0222d0e) Importer(815301076,1909f56bfc062723c751e8b465ee728b)
Start importing Assets/Resources/DesertedVillage/models/trunk_01.fbx using Guid(cd1fe3602d873224ebb3d3b8f0222d0e) Importer(815301076,1909f56bfc062723c751e8b465ee728b)  -> (artifact id: '7e549e281bda062c39e2098de4c94679') in 0.014950 seconds
  Import took 0.131757 seconds .

========================================================================
Received Import Request.
  Time since last request: 0.000786 seconds.
  path: Assets/Resources/DesertedVillage/models/shutter_05.fbx
  artifactKey: Guid(d8ce7328ffea5ba45a61b799d0a57b02) Importer(815301076,1909f56bfc062723c751e8b465ee728b)
Start importing Assets/Resources/DesertedVillage/models/shutter_05.fbx using Guid(d8ce7328ffea5ba45a61b799d0a57b02) Importer(815301076,1909f56bfc062723c751e8b465ee728b)  -> (artifact id: 'e3d47974b7e74becd4f0d63302b4613f') in 0.013919 seconds
  Import took 0.025232 seconds .

========================================================================
Received Import Request.
  Time since last request: 0.000770 seconds.
  path: Assets/Resources/DesertedVillage/models/fence_02.fbx
  artifactKey: Guid(70a96e804f072e04fad31e4b4cc8e442) Importer(815301076,1909f56bfc062723c751e8b465ee728b)
Start importing Assets/Resources/DesertedVillage/models/fence_02.fbx using Guid(70a96e804f072e04fad31e4b4cc8e442) Importer(815301076,1909f56bfc062723c751e8b465ee728b)  -> (artifact id: '9ad2f8f589275fe38f0b93975f3cf869') in 0.014694 seconds
  Import took 0.047657 seconds .

========================================================================
Received Import Request.
  Time since last request: 0.000709 seconds.
  path: Assets/Resources/DesertedVillage/models/roof_deco_01.fbx
  artifactKey: Guid(f92a04f47d3d0d0408f3584468dbe195) Importer(815301076,1909f56bfc062723c751e8b465ee728b)
Start importing Assets/Resources/DesertedVillage/models/roof_deco_01.fbx using Guid(f92a04f47d3d0d0408f3584468dbe195) Importer(815301076,1909f56bfc062723c751e8b465ee728b)  -> (artifact id: '6247243d67bcb11edd06e7299c83224b') in 0.017200 seconds
  Import took 0.028886 seconds .

========================================================================
Received Import Request.
  Time since last request: 0.000824 seconds.
  path: Assets/Resources/DesertedVillage/models/house_04.fbx
  artifactKey: Guid(c0ba7130eca4f064995bf7579213700c) Importer(815301076,1909f56bfc062723c751e8b465ee728b)
Start importing Assets/Resources/DesertedVillage/models/house_04.fbx using Guid(c0ba7130eca4f064995bf7579213700c) Importer(815301076,1909f56bfc062723c751e8b465ee728b)  -> (artifact id: '3fce847726be79cea62d9605508bed6e') in 0.021121 seconds
  Import took 0.068583 seconds .

========================================================================
Received Import Request.
  Time since last request: 0.000998 seconds.
  path: Assets/Resources/DesertedVillage/models/stall_02.fbx
  artifactKey: Guid(ab0a8c0c46681b84abc0c13b2c3025d6) Importer(815301076,1909f56bfc062723c751e8b465ee728b)
Start importing Assets/Resources/DesertedVillage/models/stall_02.fbx using Guid(ab0a8c0c46681b84abc0c13b2c3025d6) Importer(815301076,1909f56bfc062723c751e8b465ee728b)  -> (artifact id: '288c3421203b2dbc3fe31b5095c4fc52') in 0.017216 seconds
  Import took 0.029050 seconds .

========================================================================
Received Import Request.
  Time since last request: 0.000713 seconds.
  path: Assets/Resources/DesertedVillage/models/planks_02.fbx
  artifactKey: Guid(11b8e84e9e05a4a4187772d7bf02508b) Importer(815301076,1909f56bfc062723c751e8b465ee728b)
Start importing Assets/Resources/DesertedVillage/models/planks_02.fbx using Guid(11b8e84e9e05a4a4187772d7bf02508b) Importer(815301076,1909f56bfc062723c751e8b465ee728b)  -> (artifact id: 'b3408b6328a97ff43daf85ce595e49df') in 0.018225 seconds
  Import took 0.034086 seconds .

========================================================================
Received Import Request.
  Time since last request: 0.000863 seconds.
  path: Assets/Resources/DesertedVillage/models/house_07_collider.fbx
  artifactKey: Guid(861ed4450dc0ce54c948f1d2327fc947) Importer(815301076,1909f56bfc062723c751e8b465ee728b)
Start importing Assets/Resources/DesertedVillage/models/house_07_collider.fbx using Guid(861ed4450dc0ce54c948f1d2327fc947) Importer(815301076,1909f56bfc062723c751e8b465ee728b)  -> (artifact id: '999a37a5827fd04839952cd87a51cf9b') in 0.035104 seconds
  Import took 0.057957 seconds .

========================================================================
Received Import Request.
  Time since last request: 0.000781 seconds.
  path: Assets/Resources/DesertedVillage/models/tree_lod.fbx
  artifactKey: Guid(9a23558f7718d35458d2b2a676c08e8b) Importer(815301076,1909f56bfc062723c751e8b465ee728b)
Start importing Assets/Resources/DesertedVillage/models/tree_lod.fbx using Guid(9a23558f7718d35458d2b2a676c08e8b) Importer(815301076,1909f56bfc062723c751e8b465ee728b)  -> (artifact id: 'f402be235336c0b68781655287be7e73') in 0.015814 seconds
  Import took 0.025780 seconds .

========================================================================
Received Import Request.
  Time since last request: 0.000825 seconds.
  path: Assets/Resources/DesertedVillage/models/house_01.fbx
  artifactKey: Guid(ef9b42df41f9fb348954f75f47915c74) Importer(815301076,1909f56bfc062723c751e8b465ee728b)
Start importing Assets/Resources/DesertedVillage/models/house_01.fbx using Guid(ef9b42df41f9fb348954f75f47915c74) Importer(815301076,1909f56bfc062723c751e8b465ee728b)  -> (artifact id: '82817ca0700b08b7b36364990d2bf758') in 0.014690 seconds
  Import took 0.053371 seconds .

========================================================================
Received Import Request.
  Time since last request: 0.000911 seconds.
  path: Assets/Resources/DesertedVillage/models/chair_02.fbx
  artifactKey: Guid(04d4a9bc993d7c04cada605d271dc97c) Importer(815301076,1909f56bfc062723c751e8b465ee728b)
Start importing Assets/Resources/DesertedVillage/models/chair_02.fbx using Guid(04d4a9bc993d7c04cada605d271dc97c) Importer(815301076,1909f56bfc062723c751e8b465ee728b)  -> (artifact id: 'b5a596d4f5c981b4f6ec1df5c05c6524') in 0.014795 seconds
  Import took 0.025588 seconds .

========================================================================
Received Import Request.
  Time since last request: 0.002136 seconds.
  path: Assets/Resources/DesertedVillage/models/floor_02.fbx
  artifactKey: Guid(ed7b970c7de2f5045bc25464d817d38e) Importer(815301076,1909f56bfc062723c751e8b465ee728b)
Start importing Assets/Resources/DesertedVillage/models/floor_02.fbx using Guid(ed7b970c7de2f5045bc25464d817d38e) Importer(815301076,1909f56bfc062723c751e8b465ee728b)  -> (artifact id: '925acbd62e35514aa87017c54fae97a1') in 0.017599 seconds
  Import took 0.032387 seconds .

========================================================================
Received Import Request.
  Time since last request: 0.000739 seconds.
  path: Assets/Resources/DesertedVillage/models/floor_04.fbx
  artifactKey: Guid(9222a59cda3904046a9153cb8e2bdba9) Importer(815301076,1909f56bfc062723c751e8b465ee728b)
Start importing Assets/Resources/DesertedVillage/models/floor_04.fbx using Guid(9222a59cda3904046a9153cb8e2bdba9) Importer(815301076,1909f56bfc062723c751e8b465ee728b)  -> (artifact id: '62e91f9c012032a8cf4f921bbe987d37') in 0.017389 seconds
  Import took 0.042244 seconds .

========================================================================
Received Import Request.
  Time since last request: 0.000906 seconds.
  path: Assets/Resources/DesertedVillage/models/wall_01_lod.fbx
  artifactKey: Guid(6d189f84d7b2723419471a6ddfd8cabd) Importer(815301076,1909f56bfc062723c751e8b465ee728b)
Start importing Assets/Resources/DesertedVillage/models/wall_01_lod.fbx using Guid(6d189f84d7b2723419471a6ddfd8cabd) Importer(815301076,1909f56bfc062723c751e8b465ee728b)  -> (artifact id: '517a0ac944d80795cb47615cf32959ee') in 0.024990 seconds
  Import took 0.052992 seconds .

========================================================================
Received Import Request.
  Time since last request: 0.000713 seconds.
  path: Assets/Resources/DesertedVillage/models/house_11_collider.fbx
  artifactKey: Guid(8e64236b1e2ac1c49ac985dd13a1d2d2) Importer(815301076,1909f56bfc062723c751e8b465ee728b)
Start importing Assets/Resources/DesertedVillage/models/house_11_collider.fbx using Guid(8e64236b1e2ac1c49ac985dd13a1d2d2) Importer(815301076,1909f56bfc062723c751e8b465ee728b)  -> (artifact id: '31805fc91386524cd720767633e57ed6') in 0.016414 seconds
  Import took 0.026263 seconds .

========================================================================
Received Import Request.
  Time since last request: 0.000644 seconds.
  path: Assets/Resources/DesertedVillage/models/stage_collider.fbx
  artifactKey: Guid(ee198e8b7a6346644a6091c74eefe50e) Importer(815301076,1909f56bfc062723c751e8b465ee728b)
Start importing Assets/Resources/DesertedVillage/models/stage_collider.fbx using Guid(ee198e8b7a6346644a6091c74eefe50e) Importer(815301076,1909f56bfc062723c751e8b465ee728b)  -> (artifact id: '80fceeb781bdc3a56dce76207d05b3cd') in 0.013946 seconds
  Import took 0.028772 seconds .

========================================================================
Received Import Request.
  Time since last request: 0.000708 seconds.
  path: Assets/Resources/DesertedVillage/models/matrass.fbx
  artifactKey: Guid(44595a720d5e5a44e8dbf0a097495fc3) Importer(815301076,1909f56bfc062723c751e8b465ee728b)
Start importing Assets/Resources/DesertedVillage/models/matrass.fbx using Guid(44595a720d5e5a44e8dbf0a097495fc3) Importer(815301076,1909f56bfc062723c751e8b465ee728b)  -> (artifact id: 'd38376b725e4d36beb38acb06169babc') in 0.012514 seconds
  Import took 0.144963 seconds .

========================================================================
Received Import Request.
  Time since last request: 0.000693 seconds.
  path: Assets/Resources/DesertedVillage/models/stone_group_03.fbx
  artifactKey: Guid(3c13d775c1d002d498186edb22c02508) Importer(815301076,1909f56bfc062723c751e8b465ee728b)
Start importing Assets/Resources/DesertedVillage/models/stone_group_03.fbx using Guid(3c13d775c1d002d498186edb22c02508) Importer(815301076,1909f56bfc062723c751e8b465ee728b)  -> (artifact id: '640d73305c621899c16f059be0dcb777') in 0.035603 seconds
  Import took 0.046685 seconds .

========================================================================
Received Import Request.
  Time since last request: 0.000734 seconds.
  path: Assets/Resources/DesertedVillage/models/house_06_collider.fbx
  artifactKey: Guid(ba61d94d29e1ff048ba34e4107428bd0) Importer(815301076,1909f56bfc062723c751e8b465ee728b)
Start importing Assets/Resources/DesertedVillage/models/house_06_collider.fbx using Guid(ba61d94d29e1ff048ba34e4107428bd0) Importer(815301076,1909f56bfc062723c751e8b465ee728b)  -> (artifact id: 'd6c2fa48feb644f9c8ff86a9397ee1cb') in 0.016023 seconds
  Import took 0.029819 seconds .

========================================================================
Received Import Request.
  Time since last request: 0.000713 seconds.
  path: Assets/Resources/DesertedVillage/models/stone_group_02.fbx
  artifactKey: Guid(c0ce0b34eff672d40b7c1152673d0fc9) Importer(815301076,1909f56bfc062723c751e8b465ee728b)
Start importing Assets/Resources/DesertedVillage/models/stone_group_02.fbx using Guid(c0ce0b34eff672d40b7c1152673d0fc9) Importer(815301076,1909f56bfc062723c751e8b465ee728b)  -> (artifact id: '858e32c804dc33aede527eda607ace3e') in 0.015895 seconds
  Import took 0.026140 seconds .

========================================================================
Received Import Request.
  Time since last request: 0.000729 seconds.
  path: Assets/Resources/DesertedVillage/models/fence_01.fbx
  artifactKey: Guid(6359a3404a8a6354db34fbe64353e714) Importer(815301076,1909f56bfc062723c751e8b465ee728b)
Start importing Assets/Resources/DesertedVillage/models/fence_01.fbx using Guid(6359a3404a8a6354db34fbe64353e714) Importer(815301076,1909f56bfc062723c751e8b465ee728b)  -> (artifact id: 'bc06ac4d21cd89381fab6100feca0cae') in 0.106401 seconds
  Import took 0.118716 seconds .

========================================================================
Received Import Request.
  Time since last request: 0.000712 seconds.
  path: Assets/Resources/DesertedVillage/models/shutter_02.fbx
  artifactKey: Guid(c9990e0e6d84f1645b495dfd775ede53) Importer(815301076,1909f56bfc062723c751e8b465ee728b)
Start importing Assets/Resources/DesertedVillage/models/shutter_02.fbx using Guid(c9990e0e6d84f1645b495dfd775ede53) Importer(815301076,1909f56bfc062723c751e8b465ee728b)  -> (artifact id: 'd109138dc3fdd51a6649a1596f84e4aa') in 0.014800 seconds
  Import took 0.044587 seconds .

========================================================================
Received Import Request.
  Time since last request: 0.000816 seconds.
  path: Assets/Resources/DesertedVillage/models/stone_04.fbx
  artifactKey: Guid(4e0dc5b8d6672c745a080c879c8d40cf) Importer(815301076,1909f56bfc062723c751e8b465ee728b)
Start importing Assets/Resources/DesertedVillage/models/stone_04.fbx using Guid(4e0dc5b8d6672c745a080c879c8d40cf) Importer(815301076,1909f56bfc062723c751e8b465ee728b)  -> (artifact id: '15fe226a9115b0c7469d0f65f4234304') in 0.025337 seconds
  Import took 0.038179 seconds .

========================================================================
Received Import Request.
  Time since last request: 0.002266 seconds.
  path: Assets/Resources/DesertedVillage/models/fence_01_lod.fbx
  artifactKey: Guid(a6bc7e3b00616fe4299216b7c5551a14) Importer(815301076,1909f56bfc062723c751e8b465ee728b)
Start importing Assets/Resources/DesertedVillage/models/fence_01_lod.fbx using Guid(a6bc7e3b00616fe4299216b7c5551a14) Importer(815301076,1909f56bfc062723c751e8b465ee728b)  -> (artifact id: 'bdd3a481441da492f05a2ffc8f184082') in 0.015307 seconds
  Import took 0.027535 seconds .

========================================================================
Received Import Request.
  Time since last request: 0.000767 seconds.
  path: Assets/Resources/DesertedVillage/models/table.fbx
  artifactKey: Guid(acdb76e0d07450742bba2c8f2c37de84) Importer(815301076,1909f56bfc062723c751e8b465ee728b)
Start importing Assets/Resources/DesertedVillage/models/table.fbx using Guid(acdb76e0d07450742bba2c8f2c37de84) Importer(815301076,1909f56bfc062723c751e8b465ee728b)  -> (artifact id: 'ef320dd8f1a7b943f592644e72977a47') in 0.015149 seconds
  Import took 0.027477 seconds .

========================================================================
Received Import Request.
  Time since last request: 0.000764 seconds.
  path: Assets/Resources/DesertedVillage/models/house_09_collider.fbx
  artifactKey: Guid(a832cb9ebf0765240a53bcbdbe393336) Importer(815301076,1909f56bfc062723c751e8b465ee728b)
Start importing Assets/Resources/DesertedVillage/models/house_09_collider.fbx using Guid(a832cb9ebf0765240a53bcbdbe393336) Importer(815301076,1909f56bfc062723c751e8b465ee728b)  -> (artifact id: '31f4916db459b57876d6eac3e12c171c') in 0.014953 seconds
  Import took 0.026996 seconds .

========================================================================
Received Import Request.
  Time since last request: 0.000777 seconds.
  path: Assets/Resources/DesertedVillage/models/tree.fbx
  artifactKey: Guid(6da5d53a5bcd86842b7b8b85142b7d57) Importer(815301076,1909f56bfc062723c751e8b465ee728b)
Start importing Assets/Resources/DesertedVillage/models/tree.fbx using Guid(6da5d53a5bcd86842b7b8b85142b7d57) Importer(815301076,1909f56bfc062723c751e8b465ee728b)  -> (artifact id: 'fe99fdbee05ea45bbe29398383d189da') in 0.017177 seconds
  Import took 0.081682 seconds .

========================================================================
Received Import Request.
  Time since last request: 0.000661 seconds.
  path: Assets/Resources/DesertedVillage/models/house_08.fbx
  artifactKey: Guid(df23f33b837eb894f89f2b48ff83f892) Importer(815301076,1909f56bfc062723c751e8b465ee728b)
Start importing Assets/Resources/DesertedVillage/models/house_08.fbx using Guid(df23f33b837eb894f89f2b48ff83f892) Importer(815301076,1909f56bfc062723c751e8b465ee728b)  -> (artifact id: 'ce875cc5dbfa4cc2967aa476d685072f') in 0.019401 seconds
  Import took 0.032354 seconds .

========================================================================
Received Import Request.
  Time since last request: 0.001067 seconds.
  path: Assets/Resources/DesertedVillage/models/wall_01.fbx
  artifactKey: Guid(857adb6fdf91dcc408a86b3f8d692bf1) Importer(815301076,1909f56bfc062723c751e8b465ee728b)
Start importing Assets/Resources/DesertedVillage/models/wall_01.fbx using Guid(857adb6fdf91dcc408a86b3f8d692bf1) Importer(815301076,1909f56bfc062723c751e8b465ee728b)  -> (artifact id: 'db266eba01d878ad9831a7bea330dc55') in 0.013934 seconds
  Import took 0.024101 seconds .

========================================================================
Received Import Request.
  Time since last request: 0.000757 seconds.
  path: Assets/Resources/DesertedVillage/models/rockplane_collider.fbx
  artifactKey: Guid(22214e8a953400b458ee510d8ca80a1a) Importer(815301076,1909f56bfc062723c751e8b465ee728b)
Start importing Assets/Resources/DesertedVillage/models/rockplane_collider.fbx using Guid(22214e8a953400b458ee510d8ca80a1a) Importer(815301076,1909f56bfc062723c751e8b465ee728b)  -> (artifact id: '9c500d7dca1393bce4a0df462a5018a4') in 0.013589 seconds
  Import took 0.033556 seconds .

========================================================================
Received Import Request.
  Time since last request: 0.000912 seconds.
  path: Assets/Resources/DesertedVillage/models/showcase_env.fbx
  artifactKey: Guid(ae7a000d4788a264590578284b0aa335) Importer(815301076,1909f56bfc062723c751e8b465ee728b)
Start importing Assets/Resources/DesertedVillage/models/showcase_env.fbx using Guid(ae7a000d4788a264590578284b0aa335) Importer(815301076,1909f56bfc062723c751e8b465ee728b)  -> (artifact id: '6bf825efdc188b0322be88c4ca02243b') in 0.013986 seconds
  Import took 0.025763 seconds .

========================================================================
Received Import Request.
  Time since last request: 0.000775 seconds.
  path: Assets/Resources/DesertedVillage/models/stone_02.fbx
  artifactKey: Guid(2ff408d76f8ceba44938bc0cae2963bd) Importer(815301076,1909f56bfc062723c751e8b465ee728b)
Start importing Assets/Resources/DesertedVillage/models/stone_02.fbx using Guid(2ff408d76f8ceba44938bc0cae2963bd) Importer(815301076,1909f56bfc062723c751e8b465ee728b)  -> (artifact id: '7eadd8bcc754e6b75a39d9e9f2b30fe3') in 0.014325 seconds
  Import took 0.026274 seconds .

========================================================================
Received Import Request.
  Time since last request: 0.000725 seconds.
  path: Assets/Resources/DesertedVillage/models/fence_02_lod.fbx
  artifactKey: Guid(41acd620a33eb8d468a0b904bd08f9f9) Importer(815301076,1909f56bfc062723c751e8b465ee728b)
Start importing Assets/Resources/DesertedVillage/models/fence_02_lod.fbx using Guid(41acd620a33eb8d468a0b904bd08f9f9) Importer(815301076,1909f56bfc062723c751e8b465ee728b)  -> (artifact id: '71f1286b7f41856e735b6d28e79c6885') in 0.014410 seconds
  Import took 0.046858 seconds .

========================================================================
Received Import Request.
  Time since last request: 0.001515 seconds.
  path: Assets/Resources/DesertedVillage/models/stairs.fbx
  artifactKey: Guid(6855e3d83d0e3024ba090e1821d2fe3d) Importer(815301076,1909f56bfc062723c751e8b465ee728b)
Start importing Assets/Resources/DesertedVillage/models/stairs.fbx using Guid(6855e3d83d0e3024ba090e1821d2fe3d) Importer(815301076,1909f56bfc062723c751e8b465ee728b)  -> (artifact id: 'dd9171697482616397cc4d1f10fc9606') in 0.015458 seconds
  Import took 0.027185 seconds .

========================================================================
Received Import Request.
  Time since last request: 0.000702 seconds.
  path: Assets/Resources/DesertedVillage/models/house_07_arcade.fbx
  artifactKey: Guid(8ded028c16928b84ca3446ba91943ed3) Importer(815301076,1909f56bfc062723c751e8b465ee728b)
Start importing Assets/Resources/DesertedVillage/models/house_07_arcade.fbx using Guid(8ded028c16928b84ca3446ba91943ed3) Importer(815301076,1909f56bfc062723c751e8b465ee728b)  -> (artifact id: '3e96d7506fdd935cafba842dac610f20') in 0.014748 seconds
  Import took 0.026615 seconds .

========================================================================
Received Import Request.
  Time since last request: 0.000720 seconds.
  path: Assets/Resources/DesertedVillage/models/house_07_arcade_collider.fbx
  artifactKey: Guid(49ab9d27ffd513946b4f3e014a4aed60) Importer(815301076,1909f56bfc062723c751e8b465ee728b)
Start importing Assets/Resources/DesertedVillage/models/house_07_arcade_collider.fbx using Guid(49ab9d27ffd513946b4f3e014a4aed60) Importer(815301076,1909f56bfc062723c751e8b465ee728b)  -> (artifact id: 'adfd4442633406c76af4d4569046e87c') in 0.018008 seconds
  Import took 0.029879 seconds .

========================================================================
Received Import Request.
  Time since last request: 0.000717 seconds.
  path: Assets/Resources/DesertedVillage/models/house_03.fbx
  artifactKey: Guid(f0c5056eec9d870499fedd2f9b06cf1a) Importer(815301076,1909f56bfc062723c751e8b465ee728b)
Start importing Assets/Resources/DesertedVillage/models/house_03.fbx using Guid(f0c5056eec9d870499fedd2f9b06cf1a) Importer(815301076,1909f56bfc062723c751e8b465ee728b)  -> (artifact id: '389339ffb124c21263de8cdd9d038642') in 0.019251 seconds
  Import took 0.074549 seconds .

========================================================================
Received Import Request.
  Time since last request: 0.000776 seconds.
  path: Assets/Resources/DesertedVillage/models/chair_collider.fbx
  artifactKey: Guid(749055878646e5b419f78206cab0bab6) Importer(815301076,1909f56bfc062723c751e8b465ee728b)
Start importing Assets/Resources/DesertedVillage/models/chair_collider.fbx using Guid(749055878646e5b419f78206cab0bab6) Importer(815301076,1909f56bfc062723c751e8b465ee728b)  -> (artifact id: '2b69230b8239064eabf1cec008265afa') in 0.014680 seconds
  Import took 0.026689 seconds .

========================================================================
Received Import Request.
  Time since last request: 0.000709 seconds.
  path: Assets/Resources/DesertedVillage/models/house_05.fbx
  artifactKey: Guid(e17c79dce0a748d4a8e74d8672162328) Importer(815301076,1909f56bfc062723c751e8b465ee728b)
Start importing Assets/Resources/DesertedVillage/models/house_05.fbx using Guid(e17c79dce0a748d4a8e74d8672162328) Importer(815301076,1909f56bfc062723c751e8b465ee728b)  -> (artifact id: '184bd0a062c358527f83fcc33acb08b8') in 0.023326 seconds
  Import took 0.035812 seconds .

========================================================================
Received Import Request.
  Time since last request: 0.000687 seconds.
  path: Assets/Resources/DesertedVillage/models/house_05_collider.fbx
  artifactKey: Guid(ad882dc9e782b384e9ff1e6e4007b4a7) Importer(815301076,1909f56bfc062723c751e8b465ee728b)
Start importing Assets/Resources/DesertedVillage/models/house_05_collider.fbx using Guid(ad882dc9e782b384e9ff1e6e4007b4a7) Importer(815301076,1909f56bfc062723c751e8b465ee728b)  -> (artifact id: '67a5fde716961001c62fbf40f4cbea13') in 0.014770 seconds
  Import took 0.025244 seconds .

========================================================================
Received Import Request.
  Time since last request: 0.001014 seconds.
  path: Assets/Resources/DesertedVillage/models/stairs_stone.fbx
  artifactKey: Guid(8950486c08f3fb44cba4f3a025fcb83b) Importer(815301076,1909f56bfc062723c751e8b465ee728b)
Start importing Assets/Resources/DesertedVillage/models/stairs_stone.fbx using Guid(8950486c08f3fb44cba4f3a025fcb83b) Importer(815301076,1909f56bfc062723c751e8b465ee728b)  -> (artifact id: '49dc91cbe1d7336184b380c56e734647') in 0.013999 seconds
  Import took 0.100251 seconds .

========================================================================
Received Import Request.
  Time since last request: 0.000724 seconds.
  path: Assets/Resources/DesertedVillage/models/stone_01.fbx
  artifactKey: Guid(0cf749cd7a35bb341907fcae57f0db8f) Importer(815301076,1909f56bfc062723c751e8b465ee728b)
Start importing Assets/Resources/DesertedVillage/models/stone_01.fbx using Guid(0cf749cd7a35bb341907fcae57f0db8f) Importer(815301076,1909f56bfc062723c751e8b465ee728b)  -> (artifact id: 'd3ed5756d813d4c73d25f3a44c4b8092') in 0.014903 seconds
  Import took 0.026636 seconds .

========================================================================
Received Import Request.
  Time since last request: 0.000681 seconds.
  path: Assets/Resources/DesertedVillage/models/shutter_01.fbx
  artifactKey: Guid(8626fb8056b01e54d93d217fa17458b4) Importer(815301076,1909f56bfc062723c751e8b465ee728b)
Start importing Assets/Resources/DesertedVillage/models/shutter_01.fbx using Guid(8626fb8056b01e54d93d217fa17458b4) Importer(815301076,1909f56bfc062723c751e8b465ee728b)  -> (artifact id: '3710e1339f6034b6902e96c05ae9dfb3') in 0.013759 seconds
  Import took 0.024057 seconds .

========================================================================
Received Import Request.
  Time since last request: 0.000743 seconds.
  path: Assets/Resources/DesertedVillage/models/wall_02_lod.fbx
  artifactKey: Guid(0393aa46213396842a63c4db122fa0d6) Importer(815301076,1909f56bfc062723c751e8b465ee728b)
Start importing Assets/Resources/DesertedVillage/models/wall_02_lod.fbx using Guid(0393aa46213396842a63c4db122fa0d6) Importer(815301076,1909f56bfc062723c751e8b465ee728b)  -> (artifact id: '11427e85e12a529948bce21637ff4c84') in 0.015579 seconds
  Import took 0.047421 seconds .

========================================================================
Received Import Request.
  Time since last request: 0.000764 seconds.
  path: Assets/Resources/DesertedVillage/models/cloth.fbx
  artifactKey: Guid(345769eaefcb59e46a61d133b746a859) Importer(815301076,1909f56bfc062723c751e8b465ee728b)
Start importing Assets/Resources/DesertedVillage/models/cloth.fbx using Guid(345769eaefcb59e46a61d133b746a859) Importer(815301076,1909f56bfc062723c751e8b465ee728b)  -> (artifact id: '3cad60a36f6c7146407f0d2481538f02') in 0.015534 seconds
  Import took 0.126963 seconds .

========================================================================
Received Import Request.
  Time since last request: 0.000803 seconds.
  path: Assets/Resources/DesertedVillage/models/door_01.fbx
  artifactKey: Guid(28e01350086affe42a4bdf18d80e6b03) Importer(815301076,1909f56bfc062723c751e8b465ee728b)
Start importing Assets/Resources/DesertedVillage/models/door_01.fbx using Guid(28e01350086affe42a4bdf18d80e6b03) Importer(815301076,1909f56bfc062723c751e8b465ee728b)  -> (artifact id: 'ffa8f5abb9bd783d413e419dd08db91b') in 0.014641 seconds
  Import took 0.026103 seconds .

========================================================================
Received Import Request.
  Time since last request: 0.000728 seconds.
  path: Assets/Resources/DesertedVillage/models/cart_collider.fbx
  artifactKey: Guid(ca3274ed032513345a7db639b971a964) Importer(815301076,1909f56bfc062723c751e8b465ee728b)
Start importing Assets/Resources/DesertedVillage/models/cart_collider.fbx using Guid(ca3274ed032513345a7db639b971a964) Importer(815301076,1909f56bfc062723c751e8b465ee728b)  -> (artifact id: 'aaa3cafab07f1f31c84e1820a852582c') in 0.012442 seconds
  Import took 0.023421 seconds .

========================================================================
Received Import Request.
  Time since last request: 0.000881 seconds.
  path: Assets/Resources/DesertedVillage/models/house_06.fbx
  artifactKey: Guid(314180930e99349429b0f4075387f330) Importer(815301076,1909f56bfc062723c751e8b465ee728b)
Start importing Assets/Resources/DesertedVillage/models/house_06.fbx using Guid(314180930e99349429b0f4075387f330) Importer(815301076,1909f56bfc062723c751e8b465ee728b)  -> (artifact id: 'bb685057b8de3fed0e1bf9631dffb73c') in 0.040027 seconds
  Import took 0.120158 seconds .

========================================================================
Received Import Request.
  Time since last request: 0.000785 seconds.
  path: Assets/Resources/DesertedVillage/models/rockplane.fbx
  artifactKey: Guid(a1f831dcf28d8f44292e9ab1b2c18447) Importer(815301076,1909f56bfc062723c751e8b465ee728b)
Start importing Assets/Resources/DesertedVillage/models/rockplane.fbx using Guid(a1f831dcf28d8f44292e9ab1b2c18447) Importer(815301076,1909f56bfc062723c751e8b465ee728b)  -> (artifact id: '49f3f91fb4cf4a1fa32d8b638aeffb1b') in 0.012969 seconds
  Import took 0.023989 seconds .

========================================================================
Received Import Request.
  Time since last request: 0.000723 seconds.
  path: Assets/Resources/DesertedVillage/models/house_07.fbx
  artifactKey: Guid(664b01d128c118a4a85fc6d96802d546) Importer(815301076,1909f56bfc062723c751e8b465ee728b)
Start importing Assets/Resources/DesertedVillage/models/house_07.fbx using Guid(664b01d128c118a4a85fc6d96802d546) Importer(815301076,1909f56bfc062723c751e8b465ee728b)  -> (artifact id: 'b06cb9df4f091aecc4d26725d502125f') in 0.018879 seconds
  Import took 0.031201 seconds .

========================================================================
Received Import Request.
  Time since last request: 0.000801 seconds.
  path: Assets/Resources/DesertedVillage/models/table_collider.fbx
  artifactKey: Guid(2a929d1ee24e05945a21fef11951f271) Importer(815301076,1909f56bfc062723c751e8b465ee728b)
Start importing Assets/Resources/DesertedVillage/models/table_collider.fbx using Guid(2a929d1ee24e05945a21fef11951f271) Importer(815301076,1909f56bfc062723c751e8b465ee728b)  -> (artifact id: '2cacb7774edec2d2bf473b24dfb39669') in 0.013905 seconds
  Import took 0.050252 seconds .

========================================================================
Received Import Request.
  Time since last request: 0.000878 seconds.
  path: Assets/Resources/DesertedVillage/models/fence_03.fbx
  artifactKey: Guid(5d5252bc7ec583845a3ee9ccb2e7a0ae) Importer(815301076,1909f56bfc062723c751e8b465ee728b)
Start importing Assets/Resources/DesertedVillage/models/fence_03.fbx using Guid(5d5252bc7ec583845a3ee9ccb2e7a0ae) Importer(815301076,1909f56bfc062723c751e8b465ee728b)  -> (artifact id: '5b5be7d6188092c7ba46410e92e033c7') in 0.032925 seconds
  Import took 0.111842 seconds .

========================================================================
Received Import Request.
  Time since last request: 0.000771 seconds.
  path: Assets/Resources/DesertedVillage/models/stone_03.fbx
  artifactKey: Guid(7dd783f6193d17648a4302a856834f3e) Importer(815301076,1909f56bfc062723c751e8b465ee728b)
Start importing Assets/Resources/DesertedVillage/models/stone_03.fbx using Guid(7dd783f6193d17648a4302a856834f3e) Importer(815301076,1909f56bfc062723c751e8b465ee728b)  -> (artifact id: '4824436007d79b40a27b9930b25385ee') in 0.013941 seconds
  Import took 0.038053 seconds .

========================================================================
Received Import Request.
  Time since last request: 0.000692 seconds.
  path: Assets/Resources/DesertedVillage/models/trunk_02.fbx
  artifactKey: Guid(3628a815f44f68248b681d2ff8e914d8) Importer(815301076,1909f56bfc062723c751e8b465ee728b)
Start importing Assets/Resources/DesertedVillage/models/trunk_02.fbx using Guid(3628a815f44f68248b681d2ff8e914d8) Importer(815301076,1909f56bfc062723c751e8b465ee728b)  -> (artifact id: 'd5b459064e0e5f3e81475f006acc3b6b') in 0.013904 seconds
  Import took 0.024678 seconds .

========================================================================
Received Import Request.
  Time since last request: 0.000744 seconds.
  path: Assets/Resources/DesertedVillage/models/stone_group_01.fbx
  artifactKey: Guid(7bd50e8e9247dbe44b7bb765a41ce4f1) Importer(815301076,1909f56bfc062723c751e8b465ee728b)
Start importing Assets/Resources/DesertedVillage/models/stone_group_01.fbx using Guid(7bd50e8e9247dbe44b7bb765a41ce4f1) Importer(815301076,1909f56bfc062723c751e8b465ee728b)  -> (artifact id: 'f5c8d5272ab0b6f2805a2d8e28d8018c') in 0.013908 seconds
  Import took 0.025777 seconds .

========================================================================
Received Import Request.
  Time since last request: 0.000799 seconds.
  path: Assets/Resources/DesertedVillage/models/stall_02_collider.fbx
  artifactKey: Guid(5ee3bb7187eb58b42946aba07a1fcce8) Importer(815301076,1909f56bfc062723c751e8b465ee728b)
Start importing Assets/Resources/DesertedVillage/models/stall_02_collider.fbx using Guid(5ee3bb7187eb58b42946aba07a1fcce8) Importer(815301076,1909f56bfc062723c751e8b465ee728b)  -> (artifact id: '0d62012c9bc1666474de6deecf323723') in 0.019577 seconds
  Import took 0.030435 seconds .

========================================================================
Received Import Request.
  Time since last request: 0.000720 seconds.
  path: Assets/Resources/DesertedVillage/models/package_01.fbx
  artifactKey: Guid(c2adf97f4bd19224d8beff80d0a4c87b) Importer(815301076,1909f56bfc062723c751e8b465ee728b)
Start importing Assets/Resources/DesertedVillage/models/package_01.fbx using Guid(c2adf97f4bd19224d8beff80d0a4c87b) Importer(815301076,1909f56bfc062723c751e8b465ee728b)  -> (artifact id: '79a27c04ac052ca3ff4c13b3204b802a') in 0.014910 seconds
  Import took 0.027464 seconds .

========================================================================
Received Import Request.
  Time since last request: 0.002008 seconds.
  path: Assets/Resources/DesertedVillage/models/house_02.fbx
  artifactKey: Guid(203fd6936b3166b49adfff8ec41943bf) Importer(815301076,1909f56bfc062723c751e8b465ee728b)
Start importing Assets/Resources/DesertedVillage/models/house_02.fbx using Guid(203fd6936b3166b49adfff8ec41943bf) Importer(815301076,1909f56bfc062723c751e8b465ee728b)  -> (artifact id: '75aa97df098dd69de05e834b6798a719') in 0.014446 seconds
  Import took 0.048833 seconds .

========================================================================
Received Import Request.
  Time since last request: 0.000769 seconds.
  path: Assets/Resources/DesertedVillage/models/house_10.fbx
  artifactKey: Guid(4a71ff6900b07fb4f9928d1339a9c819) Importer(815301076,1909f56bfc062723c751e8b465ee728b)
Start importing Assets/Resources/DesertedVillage/models/house_10.fbx using Guid(4a71ff6900b07fb4f9928d1339a9c819) Importer(815301076,1909f56bfc062723c751e8b465ee728b)  -> (artifact id: '697c9de38debc4b7d73436123d260c0c') in 0.019652 seconds
  Import took 0.030189 seconds .

========================================================================
Received Import Request.
  Time since last request: 0.001094 seconds.
  path: Assets/Resources/DesertedVillage/models/wall_02.fbx
  artifactKey: Guid(48f71d2c4d0cdf844bb20d224dc40663) Importer(815301076,1909f56bfc062723c751e8b465ee728b)
Start importing Assets/Resources/DesertedVillage/models/wall_02.fbx using Guid(48f71d2c4d0cdf844bb20d224dc40663) Importer(815301076,1909f56bfc062723c751e8b465ee728b)  -> (artifact id: '9b6340ec0146d38f32f0e0f8ce22faee') in 0.017410 seconds
  Import took 0.029604 seconds .

========================================================================
Received Import Request.
  Time since last request: 0.000777 seconds.
  path: Assets/Resources/DesertedVillage/models/stage.fbx
  artifactKey: Guid(3c2c96a5bc206e444bb856d2f42c3f6a) Importer(815301076,1909f56bfc062723c751e8b465ee728b)
Start importing Assets/Resources/DesertedVillage/models/stage.fbx using Guid(3c2c96a5bc206e444bb856d2f42c3f6a) Importer(815301076,1909f56bfc062723c751e8b465ee728b)  -> (artifact id: 'a7e1d7e076f85063ec4b584e3ef82961') in 0.013133 seconds
  Import took 0.026098 seconds .

========================================================================
Received Import Request.
  Time since last request: 0.000781 seconds.
  path: Assets/Resources/DesertedVillage/models/stall_01.fbx
  artifactKey: Guid(c4ff79edb84d90b48885935943987d9a) Importer(815301076,1909f56bfc062723c751e8b465ee728b)
Start importing Assets/Resources/DesertedVillage/models/stall_01.fbx using Guid(c4ff79edb84d90b48885935943987d9a) Importer(815301076,1909f56bfc062723c751e8b465ee728b)  -> (artifact id: '9965b1321016ca12331c6ee34a2f12df') in 0.017843 seconds
  Import took 0.032820 seconds .

========================================================================
Received Import Request.
  Time since last request: 0.000833 seconds.
  path: Assets/Resources/DesertedVillage/models/shutter_04.fbx
  artifactKey: Guid(3528a255009b65e42bb081398fb18298) Importer(815301076,1909f56bfc062723c751e8b465ee728b)
Start importing Assets/Resources/DesertedVillage/models/shutter_04.fbx using Guid(3528a255009b65e42bb081398fb18298) Importer(815301076,1909f56bfc062723c751e8b465ee728b)  -> (artifact id: '481da50537d03944920b80c1b5983480') in 0.018771 seconds
  Import took 0.029922 seconds .

========================================================================
Received Import Request.
  Time since last request: 0.000785 seconds.
  path: Assets/Resources/DesertedVillage/models/house_11.fbx
  artifactKey: Guid(80e682445540d8e46992a99eb9907ae4) Importer(815301076,1909f56bfc062723c751e8b465ee728b)
Start importing Assets/Resources/DesertedVillage/models/house_11.fbx using Guid(80e682445540d8e46992a99eb9907ae4) Importer(815301076,1909f56bfc062723c751e8b465ee728b)  -> (artifact id: '4eed65078240be69082572b63f470f4c') in 0.019267 seconds
  Import took 0.113063 seconds .

========================================================================
Received Import Request.
  Time since last request: 0.000757 seconds.
  path: Assets/Resources/DesertedVillage/models/chair_01.fbx
  artifactKey: Guid(412b9e245c296b24ea6b36f1f2523803) Importer(815301076,1909f56bfc062723c751e8b465ee728b)
Start importing Assets/Resources/DesertedVillage/models/chair_01.fbx using Guid(412b9e245c296b24ea6b36f1f2523803) Importer(815301076,1909f56bfc062723c751e8b465ee728b)  -> (artifact id: '654f51c2f76fd75a442954b148cf5055') in 0.013629 seconds
  Import took 0.024486 seconds .

========================================================================
Received Import Request.
  Time since last request: 0.000666 seconds.
  path: Assets/Resources/DesertedVillage/models/house_04_collider.fbx
  artifactKey: Guid(d8e45a2e357bf554cb7334557bb7cf10) Importer(815301076,1909f56bfc062723c751e8b465ee728b)
Start importing Assets/Resources/DesertedVillage/models/house_04_collider.fbx using Guid(d8e45a2e357bf554cb7334557bb7cf10) Importer(815301076,1909f56bfc062723c751e8b465ee728b)  -> (artifact id: '7893a85dfefbde06d823ac7c4fc8cb66') in 0.016951 seconds
  Import took 0.028508 seconds .

========================================================================
Received Import Request.
  Time since last request: 0.000757 seconds.
  path: Assets/Resources/DesertedVillage/models/stall_01_collider.fbx
  artifactKey: Guid(25b162dba8f03dd468b9ba84ea85f164) Importer(815301076,1909f56bfc062723c751e8b465ee728b)
Start importing Assets/Resources/DesertedVillage/models/stall_01_collider.fbx using Guid(25b162dba8f03dd468b9ba84ea85f164) Importer(815301076,1909f56bfc062723c751e8b465ee728b)  -> (artifact id: 'a4343c0ecd0fb9925d88c3bf0874e42d') in 0.015410 seconds
  Import took 0.027949 seconds .

========================================================================
Received Import Request.
  Time since last request: 0.000701 seconds.
  path: Assets/Resources/DesertedVillage/models/cart.fbx
  artifactKey: Guid(51360a404ef864f439b51405edc440f1) Importer(815301076,1909f56bfc062723c751e8b465ee728b)
Start importing Assets/Resources/DesertedVillage/models/cart.fbx using Guid(51360a404ef864f439b51405edc440f1) Importer(815301076,1909f56bfc062723c751e8b465ee728b)  -> (artifact id: 'f04ed460364bde22c4ed982a14dff9ba') in 0.029050 seconds
  Import took 0.054219 seconds .

========================================================================
Received Import Request.
  Time since last request: 510.137403 seconds.
  path: Assets/References/Map Iteration 1.png
  artifactKey: Guid(caaf3bb373f9f6c4196a96ad8dc08ab4) Importer(815301076,1909f56bfc062723c751e8b465ee728b)
Start importing Assets/References/Map Iteration 1.png using Guid(caaf3bb373f9f6c4196a96ad8dc08ab4) Importer(815301076,1909f56bfc062723c751e8b465ee728b)  -> (artifact id: '93eb48b945a30c010d49d51c06ea1308') in 0.049714 seconds
  Import took 0.063395 seconds .

========================================================================
Received Import Request.
  Time since last request: 11.545972 seconds.
  path: Assets/Resources/EvilDoll
  artifactKey: Guid(7bcf5e3c63386294584297bfdc289a84) Importer(815301076,1909f56bfc062723c751e8b465ee728b)
Start importing Assets/Resources/EvilDoll using Guid(7bcf5e3c63386294584297bfdc289a84) Importer(815301076,1909f56bfc062723c751e8b465ee728b)  -> (artifact id: 'bb3b15d42f2aded74e5b01f428103869') in 0.002922 seconds
  Import took 0.013237 seconds .

========================================================================
Received Import Request.
  Time since last request: 0.598186 seconds.
  path: Assets/Resources/FantasyTown
  artifactKey: Guid(21d7ceb76528ef34eb791cc99dc04cfb) Importer(815301076,1909f56bfc062723c751e8b465ee728b)
Start importing Assets/Resources/FantasyTown using Guid(21d7ceb76528ef34eb791cc99dc04cfb) Importer(815301076,1909f56bfc062723c751e8b465ee728b)  -> (artifact id: 'b599f246e4dfdf574ca7c74d400b9b7f') in 0.003223 seconds
  Import took 0.012924 seconds .

========================================================================
Received Import Request.
  Time since last request: 1.885878 seconds.
  path: Assets/Resources/Medieval_Package
  artifactKey: Guid(2395edc7448c51f4cb45b884b2ed1804) Importer(815301076,1909f56bfc062723c751e8b465ee728b)
Start importing Assets/Resources/Medieval_Package using Guid(2395edc7448c51f4cb45b884b2ed1804) Importer(815301076,1909f56bfc062723c751e8b465ee728b)  -> (artifact id: 'b77bf3f9bd593ade3d40ef7009af7a87') in 0.024091 seconds
  Import took 0.036067 seconds .

========================================================================
Received Import Request.
  Time since last request: 1.652531 seconds.
  path: Assets/Resources/Lux URP Essentials
  artifactKey: Guid(529a4742be38eb8479d8732c6bc85869) Importer(815301076,1909f56bfc062723c751e8b465ee728b)
Start importing Assets/Resources/Lux URP Essentials using Guid(529a4742be38eb8479d8732c6bc85869) Importer(815301076,1909f56bfc062723c751e8b465ee728b)  -> (artifact id: '3090e4f909dbaa55c2e7c117b93306f7') in 0.003333 seconds
  Import took 0.014848 seconds .

========================================================================
Received Import Request.
  Time since last request: 2.873013 seconds.
  path: Assets/Resources/Lux URP Essentials/Example Content
  artifactKey: Guid(fc6d852668e1f4a9c85a836a0e0bdb85) Importer(815301076,1909f56bfc062723c751e8b465ee728b)
Start importing Assets/Resources/Lux URP Essentials/Example Content using Guid(fc6d852668e1f4a9c85a836a0e0bdb85) Importer(815301076,1909f56bfc062723c751e8b465ee728b)  -> (artifact id: '56e6b9706b7d4314a565c97f4fe1794d') in 0.003131 seconds
  Import took 0.126825 seconds .

========================================================================
Received Import Request.
  Time since last request: 1.301911 seconds.
  path: Assets/Resources/Lux URP Essentials/Lux SRP Grass Displacement
  artifactKey: Guid(6a9b7fbf5fa68408da9893991ec1fdfe) Importer(815301076,1909f56bfc062723c751e8b465ee728b)
Start importing Assets/Resources/Lux URP Essentials/Lux SRP Grass Displacement using Guid(6a9b7fbf5fa68408da9893991ec1fdfe) Importer(815301076,1909f56bfc062723c751e8b465ee728b)  -> (artifact id: '36110a6dffb4d09be55632cd68d788cd') in 0.003321 seconds
  Import took 0.013364 seconds .

========================================================================
Received Import Request.
  Time since last request: 1.096814 seconds.
  path: Assets/Resources/Lux URP Essentials/Prefabs
  artifactKey: Guid(4df95c686ad774a6ea45560e1af5510e) Importer(815301076,1909f56bfc062723c751e8b465ee728b)
Start importing Assets/Resources/Lux URP Essentials/Prefabs using Guid(4df95c686ad774a6ea45560e1af5510e) Importer(815301076,1909f56bfc062723c751e8b465ee728b)  -> (artifact id: '7ecc37d0590daf696f19d5a64d4eb34d') in 0.002974 seconds
  Import took 0.013456 seconds .

========================================================================
Received Import Request.
  Time since last request: 1.952048 seconds.
  path: Assets/Resources/Lux URP Essentials/Resources
  artifactKey: Guid(beb20f7b7c4312c468a81068b96a66ab) Importer(815301076,1909f56bfc062723c751e8b465ee728b)
Start importing Assets/Resources/Lux URP Essentials/Resources using Guid(beb20f7b7c4312c468a81068b96a66ab) Importer(815301076,1909f56bfc062723c751e8b465ee728b)  -> (artifact id: '45b20b482083eaac09d0e54d8d0ca637') in 0.003181 seconds
  Import took 0.012752 seconds .

========================================================================
Received Import Request.
  Time since last request: 2.766330 seconds.
  path: Assets/Resources/Lux URP Essentials/Shaders
  artifactKey: Guid(82cfe2d470afdc742a822f5ed6eb8089) Importer(815301076,1909f56bfc062723c751e8b465ee728b)
Start importing Assets/Resources/Lux URP Essentials/Shaders using Guid(82cfe2d470afdc742a822f5ed6eb8089) Importer(815301076,1909f56bfc062723c751e8b465ee728b)  -> (artifact id: 'df7ec3efafecf36020679dbaaeafed39') in 0.002900 seconds
  Import took 0.013193 seconds .

========================================================================
Received Import Request.
  Time since last request: 0.041533 seconds.
  path: Assets/Resources/Lux URP Essentials/Shaders/Leaf Floor.terrainlayer
  artifactKey: Guid(fdee805f9e0cd6a44bc7b10cf7305b14) Importer(815301076,1909f56bfc062723c751e8b465ee728b)
Start importing Assets/Resources/Lux URP Essentials/Shaders/Leaf Floor.terrainlayer using Guid(fdee805f9e0cd6a44bc7b10cf7305b14) Importer(815301076,1909f56bfc062723c751e8b465ee728b)  -> (artifact id: 'ff313397ad177a4352b57626bd982431') in 0.013045 seconds
  Import took 0.025117 seconds .

========================================================================
Received Import Request.
  Time since last request: 0.977651 seconds.
  path: Assets/Resources/Lux URP Essentials/Shaders/Fuzzy
  artifactKey: Guid(9f057782e052c834f91d67567425279e) Importer(815301076,1909f56bfc062723c751e8b465ee728b)
Start importing Assets/Resources/Lux URP Essentials/Shaders/Fuzzy using Guid(9f057782e052c834f91d67567425279e) Importer(815301076,1909f56bfc062723c751e8b465ee728b)  -> (artifact id: '136726fce96c9b8bee2fdcad6cf85e01') in 0.003056 seconds
  Import took 0.013316 seconds .

========================================================================
Received Import Request.
  Time since last request: 1.211862 seconds.
  path: Assets/Resources/Lux URP Essentials/Shaders/Fuzzy/Includes
  artifactKey: Guid(634527740207cc34892a0d6cdc44a17d) Importer(815301076,1909f56bfc062723c751e8b465ee728b)
Start importing Assets/Resources/Lux URP Essentials/Shaders/Fuzzy/Includes using Guid(634527740207cc34892a0d6cdc44a17d) Importer(815301076,1909f56bfc062723c751e8b465ee728b)  -> (artifact id: '76613865a1558bc2f8d8a20c3183a144') in 0.003874 seconds
  Import took 0.014273 seconds .

========================================================================
Received Import Request.
  Time since last request: 1.812477 seconds.
  path: Assets/Resources/Lux URP Essentials/Shaders/Fuzzy/Includes/Lux URP Simple Fuzz DepthNormal Pass.hlsl
  artifactKey: Guid(4feeb0e57028d07488d55a4a28f8282b) Importer(815301076,1909f56bfc062723c751e8b465ee728b)
Start importing Assets/Resources/Lux URP Essentials/Shaders/Fuzzy/Includes/Lux URP Simple Fuzz DepthNormal Pass.hlsl using Guid(4feeb0e57028d07488d55a4a28f8282b) Importer(815301076,1909f56bfc062723c751e8b465ee728b)  -> (artifact id: '08629befcd7b347a9de1952d32af3858') in 0.005894 seconds
  Import took 0.016140 seconds .

========================================================================
Received Import Request.
  Time since last request: 13.377978 seconds.
  path: Assets/Resources/Lux URP Essentials/Shader Graphs
  artifactKey: Guid(787a32ca315b5437283cab9a187923ee) Importer(815301076,1909f56bfc062723c751e8b465ee728b)
Start importing Assets/Resources/Lux URP Essentials/Shader Graphs using Guid(787a32ca315b5437283cab9a187923ee) Importer(815301076,1909f56bfc062723c751e8b465ee728b)  -> (artifact id: 'e34658890df3fd3cce7d106b72503daf') in 0.003961 seconds
  Import took 0.016689 seconds .

========================================================================
Received Import Request.
  Time since last request: 1.740552 seconds.
  path: Assets/Resources/Lux URP Essentials/Shader Graphs/Sub Graphs
  artifactKey: Guid(e3b8f0342d4f7482f9302678b36c1dde) Importer(815301076,1909f56bfc062723c751e8b465ee728b)
Start importing Assets/Resources/Lux URP Essentials/Shader Graphs/Sub Graphs using Guid(e3b8f0342d4f7482f9302678b36c1dde) Importer(815301076,1909f56bfc062723c751e8b465ee728b)  -> (artifact id: '903e67c90d28936d1cb0d703dd5f5204') in 0.002959 seconds
  Import took 0.013506 seconds .

