Using pre-set license
Built from '2020.3/staging' branch; Version is '2020.3.9f1 (108be757e447) revision 1084391'; Using compiler version '192528614'; Build Type 'Release'
OS: 'Windows 10 Home; OS build 19042.1288; Version 2009; 64bit' Language: 'en' Physical Memory: 16321 MB
BatchMode: 1, IsHumanControllingUs: 0, StartBugReporterOnCrash: 0, Is64bit: 1, IsPro: 0

 COMMAND LINE ARGUMENTS:
C:\Program Files\Unity\Hub\Editor\2020.3.9f1\Editor\Unity.exe
-adb2
-batchMode
-noUpm
-name
AssetImportWorker2
-projectPath
D:/Unity/Majors/Majors/Mr Crossy
-logFile
Logs/AssetImportWorker2.log
-srvPort
61740
Successfully changed project path to: D:/Unity/Majors/Majors/Mr Crossy
D:/Unity/Majors/Majors/Mr Crossy
Using Asset Import Pipeline V2.
Refreshing native plugins compatible for Editor in 253.68 ms, found 22 plugins.
Preloading 0 native plugins for Editor in 0.00 ms.
Initialize engine version: 2020.3.9f1 (108be757e447)
[Subsystems] Discovering subsystems at path C:/Program Files/Unity/Hub/Editor/2020.3.9f1/Editor/Data/Resources/UnitySubsystems
[Subsystems] Discovering subsystems at path D:/Unity/Majors/Majors/Mr Crossy/Assets
GfxDevice: creating device client; threaded=0
Direct3D:
    Version:  Direct3D 11.0 [level 11.1]
    Renderer: NVIDIA GeForce RTX 2080 (ID=0x1e82)
    Vendor:   
    VRAM:     8010 MB
    Driver:   30.0.14.7212
Shader 'Lux URP/Particles/Simple Lit': fallback shader 'Lightweight Render Pipeline/Particles/Unlit' not found
Shader 'Universal Render Pipeline/Particles/Lit': fallback shader 'Universal Render Pipeline/Particles/SimpleLit' not found
Initialize mono
Mono path[0] = 'C:/Program Files/Unity/Hub/Editor/2020.3.9f1/Editor/Data/Managed'
Mono path[1] = 'C:/Program Files/Unity/Hub/Editor/2020.3.9f1/Editor/Data/MonoBleedingEdge/lib/mono/unityjit'
Mono config path = 'C:/Program Files/Unity/Hub/Editor/2020.3.9f1/Editor/Data/MonoBleedingEdge/etc'
Using monoOptions --debugger-agent=transport=dt_socket,embedding=1,server=y,suspend=n,address=127.0.0.1:56452
Begin MonoManager ReloadAssembly
Registering precompiled unity dll's ...
Register platform support module: C:/Program Files/Unity/Hub/Editor/2020.3.9f1/Editor/Data/PlaybackEngines/WindowsStandaloneSupport/UnityEditor.WindowsStandalone.Extensions.dll
Registered in 0.001999 seconds.
Native extension for WindowsStandalone target not found
Refreshing native plugins compatible for Editor in 224.57 ms, found 22 plugins.
Preloading 0 native plugins for Editor in 0.00 ms.
Mono: successfully reloaded assembly
- Completed reload, in  1.956 seconds
Platform modules already initialized, skipping
Registering precompiled user dll's ...
Registered in 0.009269 seconds.
Begin MonoManager ReloadAssembly
Native extension for WindowsStandalone target not found
Refreshing native plugins compatible for Editor in 230.60 ms, found 22 plugins.
Preloading 0 native plugins for Editor in 0.00 ms.
RefreshInfo: StopAssetImportingV2(NoUpdateAssetOptions) scanfilter: 
RefreshProfiler: Total: 0.000ms
RefreshInfo: StopAssetImportingV2(NoUpdateAssetOptions) scanfilter: 
RefreshProfiler: Total: 0.000ms
Mono: successfully reloaded assembly
- Completed reload, in  1.030 seconds
Platform modules already initialized, skipping
========================================================================
Worker process is ready to serve import requests
Shader 'Universal Render Pipeline/Particles/Lit': fallback shader 'Universal Render Pipeline/Particles/SimpleLit' not found
Shader 'Lux URP/Particles/Simple Lit': fallback shader 'Lightweight Render Pipeline/Particles/Unlit' not found
Launched and connected shader compiler UnityShaderCompiler.exe after 0.03 seconds
Refreshing native plugins compatible for Editor in 2.83 ms, found 22 plugins.
Preloading 0 native plugins for Editor in 0.00 ms.
Unloading 68 Unused Serialized files (Serialized files now loaded: 0)
System memory in use before: 156.3 MB.
System memory in use after: 137.0 MB.

Unloading 105 unused Assets to reduce memory usage. Loaded Objects now: 4098.
Total: 3.302100 ms (FindLiveObjects: 0.244700 ms CreateObjectMapping: 0.135900 ms MarkObjects: 1.465200 ms  DeleteObjects: 1.455700 ms)

========================================================================
Received Import Request.
  path: Assets/Resources/DesertedVillage/textures/fence_normal.png
  artifactKey: Guid(b3afddf9cc22b1c4a9892873d8060e95) Importer(815301076,1909f56bfc062723c751e8b465ee728b)
Start importing Assets/Resources/DesertedVillage/textures/fence_normal.png using Guid(b3afddf9cc22b1c4a9892873d8060e95) Importer(815301076,1909f56bfc062723c751e8b465ee728b)  -> (artifact id: '300e0457df7ae61b12f436ffbe1000dd') in 0.101245 seconds
  Import took 0.112914 seconds .

========================================================================
Received Import Request.
  Time since last request: 0.000880 seconds.
  path: Assets/Resources/DesertedVillage/textures/wall_normal.png
  artifactKey: Guid(2030f5f42a5cf8a4fb0ea31754b405dd) Importer(815301076,1909f56bfc062723c751e8b465ee728b)
Start importing Assets/Resources/DesertedVillage/textures/wall_normal.png using Guid(2030f5f42a5cf8a4fb0ea31754b405dd) Importer(815301076,1909f56bfc062723c751e8b465ee728b)  -> (artifact id: 'cca02ef5f15ee2faae1fb97e76c11cca') in 0.010313 seconds
  Import took 0.056792 seconds .

========================================================================
Received Import Request.
  Time since last request: 0.000649 seconds.
  path: Assets/Resources/DesertedVillage/textures/terrainMud_normal.png
  artifactKey: Guid(9dd89f89effce9341a4a43fb08cddbf3) Importer(815301076,1909f56bfc062723c751e8b465ee728b)
Start importing Assets/Resources/DesertedVillage/textures/terrainMud_normal.png using Guid(9dd89f89effce9341a4a43fb08cddbf3) Importer(815301076,1909f56bfc062723c751e8b465ee728b)  -> (artifact id: 'f90411c0b056a3ee981174f3a8a70304') in 0.013288 seconds
  Import took 0.023695 seconds .

========================================================================
Received Import Request.
  Time since last request: 0.000670 seconds.
  path: Assets/Resources/DesertedVillage/textures/shutters_normal.png
  artifactKey: Guid(e6dab9d624206044d9097fcf3b6cecf2) Importer(815301076,1909f56bfc062723c751e8b465ee728b)
Start importing Assets/Resources/DesertedVillage/textures/shutters_normal.png using Guid(e6dab9d624206044d9097fcf3b6cecf2) Importer(815301076,1909f56bfc062723c751e8b465ee728b)  -> (artifact id: 'e0da91be233cf221ce8212a1add4c492') in 0.015344 seconds
  Import took 0.165148 seconds .

========================================================================
Received Import Request.
  Time since last request: 0.000973 seconds.
  path: Assets/Resources/DesertedVillage/textures/plant_dry_basecolor.png
  artifactKey: Guid(39477e8d7963408419da4beae4064c2d) Importer(815301076,1909f56bfc062723c751e8b465ee728b)
Start importing Assets/Resources/DesertedVillage/textures/plant_dry_basecolor.png using Guid(39477e8d7963408419da4beae4064c2d) Importer(815301076,1909f56bfc062723c751e8b465ee728b)  -> (artifact id: '732c00d15cf9b05984e1a66ed995c29d') in 0.107347 seconds
  Import took 0.134112 seconds .

========================================================================
Received Import Request.
  Time since last request: 0.001221 seconds.
  path: Assets/Resources/DesertedVillage/textures/wall_basecolor.png
  artifactKey: Guid(2f935f8089e39864286d6453046441bf) Importer(815301076,1909f56bfc062723c751e8b465ee728b)
Start importing Assets/Resources/DesertedVillage/textures/wall_basecolor.png using Guid(2f935f8089e39864286d6453046441bf) Importer(815301076,1909f56bfc062723c751e8b465ee728b)  -> (artifact id: '9d23060865fc91b19497a44324f84810') in 0.070033 seconds
  Import took 0.100681 seconds .

========================================================================
Received Import Request.
  Time since last request: 0.001161 seconds.
  path: Assets/Resources/DesertedVillage/textures/brick_walls_normal.png
  artifactKey: Guid(bd142e9bbda9d2d46b19be89e8b27de3) Importer(815301076,1909f56bfc062723c751e8b465ee728b)
Start importing Assets/Resources/DesertedVillage/textures/brick_walls_normal.png using Guid(bd142e9bbda9d2d46b19be89e8b27de3) Importer(815301076,1909f56bfc062723c751e8b465ee728b)  -> (artifact id: 'a4245386d424467b2100087fa04f09ed') in 0.010738 seconds
  Import took 0.053393 seconds .

========================================================================
Received Import Request.
  Time since last request: 0.000817 seconds.
  path: Assets/Resources/DesertedVillage/textures/straw_basecolor.png
  artifactKey: Guid(9b00a5a241ced6641919429cc636b6d8) Importer(815301076,1909f56bfc062723c751e8b465ee728b)
Start importing Assets/Resources/DesertedVillage/textures/straw_basecolor.png using Guid(9b00a5a241ced6641919429cc636b6d8) Importer(815301076,1909f56bfc062723c751e8b465ee728b)  -> (artifact id: '685509c7ff9edbeb843c14b3f2e6dfa6') in 0.016845 seconds
  Import took 0.027182 seconds .

========================================================================
Received Import Request.
  Time since last request: 0.000802 seconds.
  path: Assets/Resources/DesertedVillage/textures/terrainMud_basecolor.png
  artifactKey: Guid(1ff2dcf934e2c7145aa3cb79a3479130) Importer(815301076,1909f56bfc062723c751e8b465ee728b)
Start importing Assets/Resources/DesertedVillage/textures/terrainMud_basecolor.png using Guid(1ff2dcf934e2c7145aa3cb79a3479130) Importer(815301076,1909f56bfc062723c751e8b465ee728b)  -> (artifact id: 'ab1ac8be414d593482fbdfd67941c791') in 0.009994 seconds
